2024-03-04T10:07:16.461+05:30  INFO 17928 --- [restartedMain] c.example.practise.PractiseApplication   : Starting PractiseApplication using Java 17.0.10 with PID 17928 (C:\Users\malar\Desktop\practise\target\classes started by malar in C:\Users\malar\Desktop\practise)
2024-03-04T10:07:16.461+05:30 DEBUG 17928 --- [restartedMain] c.example.practise.PractiseApplication   : Running with Spring Boot v3.2.3, Spring v6.1.4
2024-03-04T10:07:16.462+05:30  INFO 17928 --- [restartedMain] c.example.practise.PractiseApplication   : No active profile set, falling back to 1 default profile: "default"
2024-03-04T10:07:16.529+05:30  INFO 17928 --- [restartedMain] .s.d.r.c.RepositoryConfigurationDelegate : Bootstrapping Spring Data JPA repositories in DEFAULT mode.
2024-03-04T10:07:16.557+05:30  INFO 17928 --- [restartedMain] .s.d.r.c.RepositoryConfigurationDelegate : Finished Spring Data repository scanning in 3 ms. Found 1 JPA repository interface.
2024-03-04T10:07:16.590+05:30  INFO 17928 --- [restartedMain] o.s.b.w.embedded.tomcat.TomcatWebServer  : Tomcat initialized with port 8080 (http)
2024-03-04T10:07:16.590+05:30  INFO 17928 --- [restartedMain] o.apache.catalina.core.StandardService   : Starting service [Tomcat]
2024-03-04T10:07:16.590+05:30  INFO 17928 --- [restartedMain] o.apache.catalina.core.StandardEngine    : Starting Servlet engine: [Apache Tomcat/10.1.19]
2024-03-04T10:07:16.604+05:30  INFO 17928 --- [restartedMain] o.a.c.c.C.[Tomcat].[localhost].[/]       : Initializing Spring embedded WebApplicationContext
2024-03-04T10:07:16.604+05:30  INFO 17928 --- [restartedMain] w.s.c.ServletWebServerApplicationContext : Root WebApplicationContext: initialization completed in 141 ms
2024-03-04T10:07:16.621+05:30  INFO 17928 --- [restartedMain] o.hibernate.jpa.internal.util.LogHelper  : HHH000204: Processing PersistenceUnitInfo [name: default]
2024-03-04T10:07:16.621+05:30  INFO 17928 --- [restartedMain] o.h.c.internal.RegionFactoryInitiator    : HHH000026: Second-level cache disabled
2024-03-04T10:07:16.621+05:30  INFO 17928 --- [restartedMain] o.s.o.j.p.SpringPersistenceUnitInfo      : No LoadTimeWeaver setup: ignoring JPA class transformer
2024-03-04T10:07:16.621+05:30  INFO 17928 --- [restartedMain] com.zaxxer.hikari.HikariDataSource       : HikariPool-40 - Starting...
2024-03-04T10:07:16.639+05:30  INFO 17928 --- [restartedMain] com.zaxxer.hikari.pool.HikariPool        : HikariPool-40 - Added connection com.mysql.cj.jdbc.ConnectionImpl@30cb3f1e
2024-03-04T10:07:16.639+05:30  INFO 17928 --- [restartedMain] com.zaxxer.hikari.HikariDataSource       : HikariPool-40 - Start completed.
2024-03-04T10:07:16.657+05:30  INFO 17928 --- [restartedMain] o.h.e.t.j.p.i.JtaPlatformInitiator       : HHH000489: No JTA platform available (set 'hibernate.transaction.jta.platform' to enable JTA platform integration)
2024-03-04T10:07:16.665+05:30  INFO 17928 --- [restartedMain] j.LocalContainerEntityManagerFactoryBean : Initialized JPA EntityManagerFactory for persistence unit 'default'
2024-03-04T10:07:16.706+05:30  WARN 17928 --- [restartedMain] JpaBaseConfiguration$JpaWebConfiguration : spring.jpa.open-in-view is enabled by default. Therefore, database queries may be performed during view rendering. Explicitly configure spring.jpa.open-in-view to disable this warning
2024-03-04T10:07:16.771+05:30  INFO 17928 --- [restartedMain] o.s.b.d.a.OptionalLiveReloadServer       : LiveReload server is running on port 35729
2024-03-04T10:07:16.774+05:30  INFO 17928 --- [restartedMain] o.s.b.w.embedded.tomcat.TomcatWebServer  : Tomcat started on port 8080 (http) with context path ''
2024-03-04T10:07:16.774+05:30  INFO 17928 --- [restartedMain] c.example.practise.PractiseApplication   : Started PractiseApplication in 0.337 seconds (process running for 671.2)
2024-03-04T10:07:16.774+05:30  INFO 17928 --- [restartedMain] .ConditionEvaluationDeltaLoggingListener : Condition evaluation unchanged
2024-03-04T10:07:21.263+05:30  INFO 17928 --- [File Watcher] rtingClassPathChangeChangedEventListener : Restarting due to 1 class path change (0 additions, 0 deletions, 1 modification)
2024-03-04T10:07:21.287+05:30  INFO 17928 --- [Thread-159] j.LocalContainerEntityManagerFactoryBean : Closing JPA EntityManagerFactory for persistence unit 'default'
2024-03-04T10:07:21.290+05:30  INFO 17928 --- [Thread-159] com.zaxxer.hikari.HikariDataSource       : HikariPool-40 - Shutdown initiated...
2024-03-04T10:07:21.308+05:30  INFO 17928 --- [Thread-159] com.zaxxer.hikari.HikariDataSource       : HikariPool-40 - Shutdown completed.
2024-03-04T10:07:21.406+05:30  INFO 17928 --- [restartedMain] c.example.practise.PractiseApplication   : Starting PractiseApplication using Java 17.0.10 with PID 17928 (C:\Users\malar\Desktop\practise\target\classes started by malar in C:\Users\malar\Desktop\practise)
2024-03-04T10:07:21.406+05:30 DEBUG 17928 --- [restartedMain] c.example.practise.PractiseApplication   : Running with Spring Boot v3.2.3, Spring v6.1.4
2024-03-04T10:07:21.406+05:30  INFO 17928 --- [restartedMain] c.example.practise.PractiseApplication   : No active profile set, falling back to 1 default profile: "default"
2024-03-04T10:07:21.487+05:30  INFO 17928 --- [restartedMain] .s.d.r.c.RepositoryConfigurationDelegate : Bootstrapping Spring Data JPA repositories in DEFAULT mode.
2024-03-04T10:07:21.487+05:30  INFO 17928 --- [restartedMain] .s.d.r.c.RepositoryConfigurationDelegate : Finished Spring Data repository scanning in 3 ms. Found 1 JPA repository interface.
2024-03-04T10:07:21.521+05:30  INFO 17928 --- [restartedMain] o.s.b.w.embedded.tomcat.TomcatWebServer  : Tomcat initialized with port 8080 (http)
2024-03-04T10:07:21.521+05:30  INFO 17928 --- [restartedMain] o.apache.catalina.core.StandardService   : Starting service [Tomcat]
2024-03-04T10:07:21.521+05:30  INFO 17928 --- [restartedMain] o.apache.catalina.core.StandardEngine    : Starting Servlet engine: [Apache Tomcat/10.1.19]
2024-03-04T10:07:21.538+05:30  INFO 17928 --- [restartedMain] o.a.c.c.C.[Tomcat].[localhost].[/]       : Initializing Spring embedded WebApplicationContext
2024-03-04T10:07:21.538+05:30  INFO 17928 --- [restartedMain] w.s.c.ServletWebServerApplicationContext : Root WebApplicationContext: initialization completed in 132 ms
2024-03-04T10:07:21.551+05:30  INFO 17928 --- [restartedMain] o.hibernate.jpa.internal.util.LogHelper  : HHH000204: Processing PersistenceUnitInfo [name: default]
2024-03-04T10:07:21.553+05:30  INFO 17928 --- [restartedMain] o.h.c.internal.RegionFactoryInitiator    : HHH000026: Second-level cache disabled
2024-03-04T10:07:21.554+05:30  INFO 17928 --- [restartedMain] o.s.o.j.p.SpringPersistenceUnitInfo      : No LoadTimeWeaver setup: ignoring JPA class transformer
2024-03-04T10:07:21.554+05:30  INFO 17928 --- [restartedMain] com.zaxxer.hikari.HikariDataSource       : HikariPool-41 - Starting...
2024-03-04T10:07:21.554+05:30  INFO 17928 --- [restartedMain] com.zaxxer.hikari.pool.HikariPool        : HikariPool-41 - Added connection com.mysql.cj.jdbc.ConnectionImpl@a4016d5
2024-03-04T10:07:21.554+05:30  INFO 17928 --- [restartedMain] com.zaxxer.hikari.HikariDataSource       : HikariPool-41 - Start completed.
2024-03-04T10:07:21.573+05:30  INFO 17928 --- [restartedMain] o.h.e.t.j.p.i.JtaPlatformInitiator       : HHH000489: No JTA platform available (set 'hibernate.transaction.jta.platform' to enable JTA platform integration)
2024-03-04T10:07:21.582+05:30  INFO 17928 --- [restartedMain] j.LocalContainerEntityManagerFactoryBean : Initialized JPA EntityManagerFactory for persistence unit 'default'
2024-03-04T10:07:21.630+05:30  WARN 17928 --- [restartedMain] JpaBaseConfiguration$JpaWebConfiguration : spring.jpa.open-in-view is enabled by default. Therefore, database queries may be performed during view rendering. Explicitly configure spring.jpa.open-in-view to disable this warning
2024-03-04T10:07:21.655+05:30  INFO 17928 --- [restartedMain] o.s.b.d.a.OptionalLiveReloadServer       : LiveReload server is running on port 35729
2024-03-04T10:07:21.692+05:30  INFO 17928 --- [restartedMain] o.s.b.w.embedded.tomcat.TomcatWebServer  : Tomcat started on port 8080 (http) with context path ''
2024-03-04T10:07:21.692+05:30  INFO 17928 --- [restartedMain] c.example.practise.PractiseApplication   : Started PractiseApplication in 0.322 seconds (process running for 676.116)
2024-03-04T10:07:21.692+05:30  INFO 17928 --- [restartedMain] .ConditionEvaluationDeltaLoggingListener : Condition evaluation unchanged
2024-03-04T10:07:25.141+05:30  INFO 17928 --- [File Watcher] rtingClassPathChangeChangedEventListener : Restarting due to 1 class path change (0 additions, 0 deletions, 1 modification)
2024-03-04T10:07:25.173+05:30  INFO 17928 --- [Thread-163] j.LocalContainerEntityManagerFactoryBean : Closing JPA EntityManagerFactory for persistence unit 'default'
2024-03-04T10:07:25.173+05:30  INFO 17928 --- [Thread-163] com.zaxxer.hikari.HikariDataSource       : HikariPool-41 - Shutdown initiated...
2024-03-04T10:07:25.180+05:30  INFO 17928 --- [Thread-163] com.zaxxer.hikari.HikariDataSource       : HikariPool-41 - Shutdown completed.
2024-03-04T10:07:25.237+05:30  INFO 17928 --- [restartedMain] c.example.practise.PractiseApplication   : Starting PractiseApplication using Java 17.0.10 with PID 17928 (C:\Users\malar\Desktop\practise\target\classes started by malar in C:\Users\malar\Desktop\practise)
2024-03-04T10:07:25.237+05:30 DEBUG 17928 --- [restartedMain] c.example.practise.PractiseApplication   : Running with Spring Boot v3.2.3, Spring v6.1.4
2024-03-04T10:07:25.252+05:30  INFO 17928 --- [restartedMain] c.example.practise.PractiseApplication   : No active profile set, falling back to 1 default profile: "default"
2024-03-04T10:07:25.321+05:30  INFO 17928 --- [restartedMain] .s.d.r.c.RepositoryConfigurationDelegate : Bootstrapping Spring Data JPA repositories in DEFAULT mode.
2024-03-04T10:07:25.321+05:30  INFO 17928 --- [restartedMain] .s.d.r.c.RepositoryConfigurationDelegate : Finished Spring Data repository scanning in 2 ms. Found 1 JPA repository interface.
2024-03-04T10:07:25.356+05:30  INFO 17928 --- [restartedMain] o.s.b.w.embedded.tomcat.TomcatWebServer  : Tomcat initialized with port 8080 (http)
2024-03-04T10:07:25.356+05:30  INFO 17928 --- [restartedMain] o.apache.catalina.core.StandardService   : Starting service [Tomcat]
2024-03-04T10:07:25.356+05:30  INFO 17928 --- [restartedMain] o.apache.catalina.core.StandardEngine    : Starting Servlet engine: [Apache Tomcat/10.1.19]
2024-03-04T10:07:25.388+05:30  INFO 17928 --- [restartedMain] o.a.c.c.C.[Tomcat].[localhost].[/]       : Initializing Spring embedded WebApplicationContext
2024-03-04T10:07:25.388+05:30  INFO 17928 --- [restartedMain] w.s.c.ServletWebServerApplicationContext : Root WebApplicationContext: initialization completed in 135 ms
2024-03-04T10:07:25.404+05:30  INFO 17928 --- [restartedMain] o.hibernate.jpa.internal.util.LogHelper  : HHH000204: Processing PersistenceUnitInfo [name: default]
2024-03-04T10:07:25.404+05:30  INFO 17928 --- [restartedMain] o.h.c.internal.RegionFactoryInitiator    : HHH000026: Second-level cache disabled
2024-03-04T10:07:25.404+05:30  INFO 17928 --- [restartedMain] o.s.o.j.p.SpringPersistenceUnitInfo      : No LoadTimeWeaver setup: ignoring JPA class transformer
2024-03-04T10:07:25.404+05:30  INFO 17928 --- [restartedMain] com.zaxxer.hikari.HikariDataSource       : HikariPool-42 - Starting...
2024-03-04T10:07:25.416+05:30  INFO 17928 --- [restartedMain] com.zaxxer.hikari.pool.HikariPool        : HikariPool-42 - Added connection com.mysql.cj.jdbc.ConnectionImpl@2ba7d52f
2024-03-04T10:07:25.416+05:30  INFO 17928 --- [restartedMain] com.zaxxer.hikari.HikariDataSource       : HikariPool-42 - Start completed.
2024-03-04T10:07:25.436+05:30  INFO 17928 --- [restartedMain] o.h.e.t.j.p.i.JtaPlatformInitiator       : HHH000489: No JTA platform available (set 'hibernate.transaction.jta.platform' to enable JTA platform integration)
2024-03-04T10:07:25.444+05:30  INFO 17928 --- [restartedMain] j.LocalContainerEntityManagerFactoryBean : Initialized JPA EntityManagerFactory for persistence unit 'default'
2024-03-04T10:07:25.520+05:30  WARN 17928 --- [restartedMain] JpaBaseConfiguration$JpaWebConfiguration : spring.jpa.open-in-view is enabled by default. Therefore, database queries may be performed during view rendering. Explicitly configure spring.jpa.open-in-view to disable this warning
2024-03-04T10:07:25.553+05:30  INFO 17928 --- [restartedMain] o.s.b.d.a.OptionalLiveReloadServer       : LiveReload server is running on port 35729
2024-03-04T10:07:25.577+05:30  INFO 17928 --- [restartedMain] o.s.b.w.embedded.tomcat.TomcatWebServer  : Tomcat started on port 8080 (http) with context path ''
2024-03-04T10:07:25.581+05:30  INFO 17928 --- [restartedMain] c.example.practise.PractiseApplication   : Started PractiseApplication in 0.344 seconds (process running for 680.002)
2024-03-04T10:07:25.582+05:30  INFO 17928 --- [restartedMain] .ConditionEvaluationDeltaLoggingListener : Condition evaluation unchanged
2024-03-04T10:07:27.407+05:30  INFO 17928 --- [File Watcher] rtingClassPathChangeChangedEventListener : Restarting due to 1 class path change (0 additions, 0 deletions, 1 modification)
2024-03-04T10:07:27.407+05:30  INFO 17928 --- [Thread-167] j.LocalContainerEntityManagerFactoryBean : Closing JPA EntityManagerFactory for persistence unit 'default'
2024-03-04T10:07:27.407+05:30  INFO 17928 --- [Thread-167] com.zaxxer.hikari.HikariDataSource       : HikariPool-42 - Shutdown initiated...
2024-03-04T10:07:27.423+05:30  INFO 17928 --- [Thread-167] com.zaxxer.hikari.HikariDataSource       : HikariPool-42 - Shutdown completed.
2024-03-04T10:07:27.521+05:30  INFO 17928 --- [restartedMain] c.example.practise.PractiseApplication   : Starting PractiseApplication using Java 17.0.10 with PID 17928 (C:\Users\malar\Desktop\practise\target\classes started by malar in C:\Users\malar\Desktop\practise)
2024-03-04T10:07:27.521+05:30 DEBUG 17928 --- [restartedMain] c.example.practise.PractiseApplication   : Running with Spring Boot v3.2.3, Spring v6.1.4
2024-03-04T10:07:27.521+05:30  INFO 17928 --- [restartedMain] c.example.practise.PractiseApplication   : No active profile set, falling back to 1 default profile: "default"
2024-03-04T10:07:27.624+05:30  INFO 17928 --- [restartedMain] .s.d.r.c.RepositoryConfigurationDelegate : Bootstrapping Spring Data JPA repositories in DEFAULT mode.
2024-03-04T10:07:27.624+05:30  INFO 17928 --- [restartedMain] .s.d.r.c.RepositoryConfigurationDelegate : Finished Spring Data repository scanning in 4 ms. Found 1 JPA repository interface.
2024-03-04T10:07:27.673+05:30  INFO 17928 --- [restartedMain] o.s.b.w.embedded.tomcat.TomcatWebServer  : Tomcat initialized with port 8080 (http)
2024-03-04T10:07:27.673+05:30  INFO 17928 --- [restartedMain] o.apache.catalina.core.StandardService   : Starting service [Tomcat]
2024-03-04T10:07:27.673+05:30  INFO 17928 --- [restartedMain] o.apache.catalina.core.StandardEngine    : Starting Servlet engine: [Apache Tomcat/10.1.19]
2024-03-04T10:07:27.705+05:30  INFO 17928 --- [restartedMain] o.a.c.c.C.[Tomcat].[localhost].[/]       : Initializing Spring embedded WebApplicationContext
2024-03-04T10:07:27.705+05:30  INFO 17928 --- [restartedMain] w.s.c.ServletWebServerApplicationContext : Root WebApplicationContext: initialization completed in 184 ms
2024-03-04T10:07:27.722+05:30  INFO 17928 --- [restartedMain] o.hibernate.jpa.internal.util.LogHelper  : HHH000204: Processing PersistenceUnitInfo [name: default]
2024-03-04T10:07:27.722+05:30  INFO 17928 --- [restartedMain] o.h.c.internal.RegionFactoryInitiator    : HHH000026: Second-level cache disabled
2024-03-04T10:07:27.722+05:30  INFO 17928 --- [restartedMain] o.s.o.j.p.SpringPersistenceUnitInfo      : No LoadTimeWeaver setup: ignoring JPA class transformer
2024-03-04T10:07:27.722+05:30  INFO 17928 --- [restartedMain] com.zaxxer.hikari.HikariDataSource       : HikariPool-43 - Starting...
2024-03-04T10:07:27.739+05:30  INFO 17928 --- [restartedMain] com.zaxxer.hikari.pool.HikariPool        : HikariPool-43 - Added connection com.mysql.cj.jdbc.ConnectionImpl@20d1d14c
2024-03-04T10:07:27.739+05:30  INFO 17928 --- [restartedMain] com.zaxxer.hikari.HikariDataSource       : HikariPool-43 - Start completed.
2024-03-04T10:07:27.755+05:30  INFO 17928 --- [restartedMain] o.h.e.t.j.p.i.JtaPlatformInitiator       : HHH000489: No JTA platform available (set 'hibernate.transaction.jta.platform' to enable JTA platform integration)
2024-03-04T10:07:27.755+05:30  INFO 17928 --- [restartedMain] j.LocalContainerEntityManagerFactoryBean : Initialized JPA EntityManagerFactory for persistence unit 'default'
2024-03-04T10:07:27.812+05:30  WARN 17928 --- [restartedMain] JpaBaseConfiguration$JpaWebConfiguration : spring.jpa.open-in-view is enabled by default. Therefore, database queries may be performed during view rendering. Explicitly configure spring.jpa.open-in-view to disable this warning
2024-03-04T10:07:27.855+05:30  INFO 17928 --- [restartedMain] o.s.b.d.a.OptionalLiveReloadServer       : LiveReload server is running on port 35729
2024-03-04T10:07:27.874+05:30  INFO 17928 --- [restartedMain] o.s.b.w.embedded.tomcat.TomcatWebServer  : Tomcat started on port 8080 (http) with context path ''
2024-03-04T10:07:27.880+05:30  INFO 17928 --- [restartedMain] c.example.practise.PractiseApplication   : Started PractiseApplication in 0.392 seconds (process running for 682.301)
2024-03-04T10:07:27.880+05:30  INFO 17928 --- [restartedMain] .ConditionEvaluationDeltaLoggingListener : Condition evaluation unchanged
2024-03-04T10:07:29.292+05:30  INFO 17928 --- [File Watcher] rtingClassPathChangeChangedEventListener : Restarting due to 1 class path change (0 additions, 0 deletions, 1 modification)
2024-03-04T10:07:29.311+05:30  INFO 17928 --- [Thread-171] j.LocalContainerEntityManagerFactoryBean : Closing JPA EntityManagerFactory for persistence unit 'default'
2024-03-04T10:07:29.311+05:30  INFO 17928 --- [Thread-171] com.zaxxer.hikari.HikariDataSource       : HikariPool-43 - Shutdown initiated...
2024-03-04T10:07:29.319+05:30  INFO 17928 --- [Thread-171] com.zaxxer.hikari.HikariDataSource       : HikariPool-43 - Shutdown completed.
2024-03-04 10:07:37,2202024-03-04 10:07:37,2202024-03-04 10:07:37,2202024-03-04 10:07:37,3072024-03-04 10:07:37,3072024-03-04 10:07:37,3382024-03-04 10:07:37,3382024-03-04 10:07:37,3382024-03-04 10:07:37,3592024-03-04 10:07:37,3592024-03-04 10:07:37,3712024-03-04 10:07:37,3712024-03-04 10:07:37,3832024-03-04 10:07:37,3832024-03-04 10:07:37,3882024-03-04 10:07:37,3882024-03-04 10:07:37,4052024-03-04 10:07:37,4152024-03-04 10:07:37,4572024-03-04 10:07:37,5162024-03-04 10:07:37,5412024-03-04 10:07:37,5412024-03-04 10:07:37,5412024-03-04 10:07:38,9452024-03-04 10:07:38,9592024-03-04 10:07:38,9612024-03-04 10:07:38,9752024-03-04 10:07:39,063[]2024-03-04 10:07:39,063[]2024-03-04 10:07:39,063[]2024-03-04 10:07:39,138[]2024-03-04 10:07:39,138[]2024-03-04 10:07:39,171[]2024-03-04 10:07:39,171[]2024-03-04 10:07:39,171[]2024-03-04 10:07:39,205[]2024-03-04 10:07:39,205[]2024-03-04 10:07:39,221[]2024-03-04 10:07:39,221[]2024-03-04 10:07:39,221[]2024-03-04 10:07:39,221[]2024-03-04 10:07:39,234[]2024-03-04 10:07:39,234[]2024-03-04 10:07:39,250[]2024-03-04 10:07:39,254[]2024-03-04 10:07:39,288[]2024-03-04 10:07:39,338[]2024-03-04 10:07:39,338[]2024-03-04 10:07:39,338[]2024-03-04 10:07:39,338[]2024-03-04 10:07:41,776[]2024-03-04 10:07:41,790[]2024-03-04 10:07:41,790[]2024-03-04 10:07:41,806[]2024-03-04 10:07:41,893[INFO]2024-03-04 10:07:41,893[DEBUG]2024-03-04 10:07:41,895[INFO]2024-03-04 10:07:41,988[INFO]2024-03-04 10:07:41,992[INFO]2024-03-04 10:07:42,053[INFO]2024-03-04 10:07:42,053[INFO]2024-03-04 10:07:42,053[INFO]2024-03-04 10:07:42,060[INFO]2024-03-04 10:07:42,060[INFO]2024-03-04 10:07:42,070[INFO]2024-03-04 10:07:42,070[INFO]2024-03-04 10:07:42,087[INFO]2024-03-04 10:07:42,088[INFO]2024-03-04 10:07:42,100[INFO]2024-03-04 10:07:42,100[INFO]2024-03-04 10:07:42,116[INFO]2024-03-04 10:07:42,121[INFO]2024-03-04 10:07:42,157[WARN]2024-03-04 10:07:42,205[INFO]2024-03-04 10:07:42,205[INFO]2024-03-04 10:07:42,205[INFO]2024-03-04 10:07:42,218[INFO]2024-03-04 10:07:46,686[INFO]2024-03-04 10:07:46,696[INFO]2024-03-04 10:07:46,696[INFO]2024-03-04 10:07:46,700[INFO]2024-03-04 10:07:49,668[INFO]%PARSER_ERROR[c]2024-03-04 10:07:49,668[DEBUG]%PARSER_ERROR[c]2024-03-04 10:07:49,669[INFO]%PARSER_ERROR[c]2024-03-04 10:07:49,756[INFO]%PARSER_ERROR[c]2024-03-04 10:07:49,764[INFO]%PARSER_ERROR[c]2024-03-04 10:07:49,799[INFO]%PARSER_ERROR[c]2024-03-04 10:07:49,800[INFO]%PARSER_ERROR[c]2024-03-04 10:07:49,800[INFO]%PARSER_ERROR[c]2024-03-04 10:07:49,824[INFO]%PARSER_ERROR[c]2024-03-04 10:07:49,824[INFO]%PARSER_ERROR[c]2024-03-04 10:07:49,846[INFO]%PARSER_ERROR[c]2024-03-04 10:07:49,853[INFO]%PARSER_ERROR[c]2024-03-04 10:07:49,855[INFO]%PARSER_ERROR[c]2024-03-04 10:07:49,855[INFO]%PARSER_ERROR[c]2024-03-04 10:07:49,855[INFO]%PARSER_ERROR[c]2024-03-04 10:07:49,867[INFO]%PARSER_ERROR[c]2024-03-04 10:07:49,872[INFO]%PARSER_ERROR[c]2024-03-04 10:07:49,886[INFO]%PARSER_ERROR[c]2024-03-04 10:07:49,921[WARN]%PARSER_ERROR[c]2024-03-04 10:07:49,947[INFO]%PARSER_ERROR[c]2024-03-04 10:07:49,975[INFO]%PARSER_ERROR[c]2024-03-04 10:07:49,976[INFO]%PARSER_ERROR[c]2024-03-04 10:07:49,976[INFO]%PARSER_ERROR[c]2024-03-04 10:07:52,391[INFO]%PARSER_ERROR[c]2024-03-04 10:07:52,411[INFO]%PARSER_ERROR[c]2024-03-04 10:07:52,417[INFO]%PARSER_ERROR[c]2024-03-04 10:07:52,423[INFO]%PARSER_ERROR[c]2024-03-04 10:07:52,508[INFO]%PARSER_ERROR[c][]2024-03-04 10:07:52,508[DEBUG]%PARSER_ERROR[c][]2024-03-04 10:07:52,508[INFO]%PARSER_ERROR[c][]2024-03-04 10:07:52,592[INFO]%PARSER_ERROR[c][]2024-03-04 10:07:52,592[INFO]%PARSER_ERROR[c][]2024-03-04 10:07:52,620[INFO]%PARSER_ERROR[c][]2024-03-04 10:07:52,620[INFO]%PARSER_ERROR[c][]2024-03-04 10:07:52,620[INFO]%PARSER_ERROR[c][]2024-03-04 10:07:52,655[INFO]%PARSER_ERROR[c][]2024-03-04 10:07:52,655[INFO]%PARSER_ERROR[c][]2024-03-04 10:07:52,671[INFO]%PARSER_ERROR[c][]2024-03-04 10:07:52,671[INFO]%PARSER_ERROR[c][]2024-03-04 10:07:52,671[INFO]%PARSER_ERROR[c][]2024-03-04 10:07:52,671[INFO]%PARSER_ERROR[c][]2024-03-04 10:07:52,688[INFO]%PARSER_ERROR[c][]2024-03-04 10:07:52,688[INFO]%PARSER_ERROR[c][]2024-03-04 10:07:52,700[INFO]%PARSER_ERROR[c][]2024-03-04 10:07:52,705[INFO]%PARSER_ERROR[c][]2024-03-04 10:07:52,749[WARN]%PARSER_ERROR[c][]2024-03-04 10:07:52,786[INFO]%PARSER_ERROR[c][]2024-03-04 10:07:52,788[INFO]%PARSER_ERROR[c][]2024-03-04 10:07:52,788[INFO]%PARSER_ERROR[c][]2024-03-04 10:07:52,801[INFO]%PARSER_ERROR[c][]2024-03-04 10:07:55,310[INFO]%PARSER_ERROR[c][]2024-03-04 10:07:55,325[INFO]%PARSER_ERROR[c][]2024-03-04 10:07:55,325[INFO]%PARSER_ERROR[c][]2024-03-04 10:07:55,336[INFO]%PARSER_ERROR[c][]2024-03-04 10:07:55,420[INFO]%PARSER_ERROR[c][restartedMain]2024-03-04 10:07:55,420[DEBUG]%PARSER_ERROR[c][restartedMain]2024-03-04 10:07:55,420[INFO]%PARSER_ERROR[c][restartedMain]2024-03-04 10:07:55,485[INFO]%PARSER_ERROR[c][restartedMain]2024-03-04 10:07:55,486[INFO]%PARSER_ERROR[c][restartedMain]2024-03-04 10:07:55,521[INFO]%PARSER_ERROR[c][restartedMain]2024-03-04 10:07:55,521[INFO]%PARSER_ERROR[c][restartedMain]2024-03-04 10:07:55,521[INFO]%PARSER_ERROR[c][restartedMain]2024-03-04 10:07:55,539[INFO]%PARSER_ERROR[c][restartedMain]2024-03-04 10:07:55,539[INFO]%PARSER_ERROR[c][restartedMain]2024-03-04 10:07:55,550[INFO]%PARSER_ERROR[c][restartedMain]2024-03-04 10:07:55,553[INFO]%PARSER_ERROR[c][restartedMain]2024-03-04 10:07:55,554[INFO]%PARSER_ERROR[c][restartedMain]2024-03-04 10:07:55,554[INFO]%PARSER_ERROR[c][restartedMain]2024-03-04 10:07:55,563[INFO]%PARSER_ERROR[c][restartedMain]2024-03-04 10:07:55,563[INFO]%PARSER_ERROR[c][restartedMain]2024-03-04 10:07:55,571[INFO]%PARSER_ERROR[c][restartedMain]2024-03-04 10:07:55,582[INFO]%PARSER_ERROR[c][restartedMain]2024-03-04 10:07:55,618[WARN]%PARSER_ERROR[c][restartedMain]2024-03-04 10:07:55,672[INFO]%PARSER_ERROR[c][restartedMain]2024-03-04 10:07:55,708[INFO]%PARSER_ERROR[c][restartedMain]2024-03-04 10:07:55,708[INFO]%PARSER_ERROR[c][restartedMain]2024-03-04 10:07:55,708[INFO]%PARSER_ERROR[c][restartedMain]2024-03-04 10:08:00,188[INFO]%PARSER_ERROR[c][File Watcher]2024-03-04 10:08:00,230[INFO]%PARSER_ERROR[c][Thread-203]2024-03-04 10:08:00,230[INFO]%PARSER_ERROR[c][Thread-203]2024-03-04 10:08:00,240[INFO]%PARSER_ERROR[c][Thread-203]2024-03-04 10:08:04,251[INFO]%PARSER_ERROR[c][restartedMain]Starting PractiseApplication using Java 17.0.10 with PID 17928 (C:\Users\malar\Desktop\practise\target\classes started by malar in C:\Users\malar\Desktop\practise)2024-03-04 10:08:04,251[DEBUG]%PARSER_ERROR[c][restartedMain]Running with Spring Boot v3.2.3, Spring v6.1.42024-03-04 10:08:04,251[INFO]%PARSER_ERROR[c][restartedMain]No active profile set, falling back to 1 default profile: "default"2024-03-04 10:08:04,319[INFO]%PARSER_ERROR[c][restartedMain]Bootstrapping Spring Data JPA repositories in DEFAULT mode.2024-03-04 10:08:04,327[INFO]%PARSER_ERROR[c][restartedMain]Finished Spring Data repository scanning in 3 ms. Found 1 JPA repository interface.2024-03-04 10:08:04,387[INFO]%PARSER_ERROR[c][restartedMain]Tomcat initialized with port 8080 (http)2024-03-04 10:08:04,387[INFO]%PARSER_ERROR[c][restartedMain]Starting service [Tomcat]2024-03-04 10:08:04,389[INFO]%PARSER_ERROR[c][restartedMain]Starting Servlet engine: [Apache Tomcat/10.1.19]2024-03-04 10:08:04,397[INFO]%PARSER_ERROR[c][restartedMain]Initializing Spring embedded WebApplicationContext2024-03-04 10:08:04,400[INFO]%PARSER_ERROR[c][restartedMain]Root WebApplicationContext: initialization completed in 149 ms2024-03-04 10:08:04,417[INFO]%PARSER_ERROR[c][restartedMain]HHH000204: Processing PersistenceUnitInfo [name: default]2024-03-04 10:08:04,417[INFO]%PARSER_ERROR[c][restartedMain]HHH000026: Second-level cache disabled2024-03-04 10:08:04,421[INFO]%PARSER_ERROR[c][restartedMain]No LoadTimeWeaver setup: ignoring JPA class transformer2024-03-04 10:08:04,421[INFO]%PARSER_ERROR[c][restartedMain]HikariPool-53 - Starting...2024-03-04 10:08:04,429[INFO]%PARSER_ERROR[c][restartedMain]HikariPool-53 - Added connection com.mysql.cj.jdbc.ConnectionImpl@2541ac412024-03-04 10:08:04,429[INFO]%PARSER_ERROR[c][restartedMain]HikariPool-53 - Start completed.2024-03-04 10:08:04,448[INFO]%PARSER_ERROR[c][restartedMain]HHH000489: No JTA platform available (set 'hibernate.transaction.jta.platform' to enable JTA platform integration)2024-03-04 10:08:04,453[INFO]%PARSER_ERROR[c][restartedMain]Initialized JPA EntityManagerFactory for persistence unit 'default'2024-03-04 10:08:04,491[WARN]%PARSER_ERROR[c][restartedMain]spring.jpa.open-in-view is enabled by default. Therefore, database queries may be performed during view rendering. Explicitly configure spring.jpa.open-in-view to disable this warning2024-03-04 10:08:04,538[INFO]%PARSER_ERROR[c][restartedMain]LiveReload server is running on port 357292024-03-04 10:08:04,552[INFO]%PARSER_ERROR[c][restartedMain]Tomcat started on port 8080 (http) with context path ''2024-03-04 10:08:04,558[INFO]%PARSER_ERROR[c][restartedMain]Started PractiseApplication in 0.323 seconds (process running for 718.978)2024-03-04 10:08:04,560[INFO]%PARSER_ERROR[c][restartedMain]Condition evaluation unchanged2024-03-04 10:08:05,986[INFO]%PARSER_ERROR[c][File Watcher]Restarting due to 1 class path change (0 additions, 0 deletions, 1 modification)2024-03-04 10:08:06,020[INFO]%PARSER_ERROR[c][Thread-211]Closing JPA EntityManagerFactory for persistence unit 'default'2024-03-04 10:08:06,026[INFO]%PARSER_ERROR[c][Thread-211]HikariPool-53 - Shutdown initiated...2024-03-04 10:08:06,039[INFO]%PARSER_ERROR[c][Thread-211]HikariPool-53 - Shutdown completed.2024-03-04 10:08:06,121[INFO]%PARSER_ERROR[c][restartedMain]Starting PractiseApplication using Java 17.0.10 with PID 17928 (C:\Users\malar\Desktop\practise\target\classes started by malar in C:\Users\malar\Desktop\practise)
2024-03-04 10:08:06,121[DEBUG]%PARSER_ERROR[c][restartedMain]Running with Spring Boot v3.2.3, Spring v6.1.4
2024-03-04 10:08:06,121[INFO]%PARSER_ERROR[c][restartedMain]No active profile set, falling back to 1 default profile: "default"
2024-03-04 10:08:06,194[INFO]%PARSER_ERROR[c][restartedMain]Bootstrapping Spring Data JPA repositories in DEFAULT mode.
2024-03-04 10:08:06,203[INFO]%PARSER_ERROR[c][restartedMain]Finished Spring Data repository scanning in 3 ms. Found 1 JPA repository interface.
2024-03-04 10:08:06,236[INFO]%PARSER_ERROR[c][restartedMain]Tomcat initialized with port 8080 (http)
2024-03-04 10:08:06,236[INFO]%PARSER_ERROR[c][restartedMain]Starting service [Tomcat]
2024-03-04 10:08:06,236[INFO]%PARSER_ERROR[c][restartedMain]Starting Servlet engine: [Apache Tomcat/10.1.19]
2024-03-04 10:08:06,270[INFO]%PARSER_ERROR[c][restartedMain]Initializing Spring embedded WebApplicationContext
2024-03-04 10:08:06,270[INFO]%PARSER_ERROR[c][restartedMain]Root WebApplicationContext: initialization completed in 149 ms
2024-03-04 10:08:06,287[INFO]%PARSER_ERROR[c][restartedMain]HHH000204: Processing PersistenceUnitInfo [name: default]
2024-03-04 10:08:06,287[INFO]%PARSER_ERROR[c][restartedMain]HHH000026: Second-level cache disabled
2024-03-04 10:08:06,287[INFO]%PARSER_ERROR[c][restartedMain]No LoadTimeWeaver setup: ignoring JPA class transformer
2024-03-04 10:08:06,287[INFO]%PARSER_ERROR[c][restartedMain]HikariPool-54 - Starting...
2024-03-04 10:08:06,298[INFO]%PARSER_ERROR[c][restartedMain]HikariPool-54 - Added connection com.mysql.cj.jdbc.ConnectionImpl@7d5245b2
2024-03-04 10:08:06,298[INFO]%PARSER_ERROR[c][restartedMain]HikariPool-54 - Start completed.
2024-03-04 10:08:06,314[INFO]%PARSER_ERROR[c][restartedMain]HHH000489: No JTA platform available (set 'hibernate.transaction.jta.platform' to enable JTA platform integration)
2024-03-04 10:08:06,314[INFO]%PARSER_ERROR[c][restartedMain]Initialized JPA EntityManagerFactory for persistence unit 'default'
2024-03-04 10:08:06,353[WARN]%PARSER_ERROR[c][restartedMain]spring.jpa.open-in-view is enabled by default. Therefore, database queries may be performed during view rendering. Explicitly configure spring.jpa.open-in-view to disable this warning
2024-03-04 10:08:06,420[INFO]%PARSER_ERROR[c][restartedMain]LiveReload server is running on port 35729
2024-03-04 10:08:06,445[INFO]%PARSER_ERROR[c][restartedMain]Tomcat started on port 8080 (http) with context path ''
2024-03-04 10:08:06,449[INFO]%PARSER_ERROR[c][restartedMain]Started PractiseApplication in 0.355 seconds (process running for 720.872)
2024-03-04 10:08:06,449[INFO]%PARSER_ERROR[c][restartedMain]Condition evaluation unchanged
2024-03-04 10:08:11,325[INFO]%PARSER_ERROR[c][http-nio-8080-exec-2]Initializing Spring DispatcherServlet 'dispatcherServlet'
2024-03-04 10:08:11,325[INFO]%PARSER_ERROR[c][http-nio-8080-exec-2]Initializing Servlet 'dispatcherServlet'
2024-03-04 10:08:11,325[INFO]%PARSER_ERROR[c][http-nio-8080-exec-2]Completed initialization in 0 ms
2024-03-04 10:08:11,328[INFO]%PARSER_ERROR[c][http-nio-8080-exec-2]Info enabled
2024-03-04 10:08:11,328[ERROR]%PARSER_ERROR[c][http-nio-8080-exec-2]Error enabled
2024-03-04 10:08:11,328[DEBUG]%PARSER_ERROR[c][http-nio-8080-exec-2]Debug enabled
2024-03-04 10:08:21,087[INFO]%PARSER_ERROR[c][File Watcher]Restarting due to 1 class path change (0 additions, 0 deletions, 1 modification)
2024-03-04 10:08:21,102[INFO]%PARSER_ERROR[c][Thread-215]Closing JPA EntityManagerFactory for persistence unit 'default'
2024-03-04 10:08:21,102[INFO]%PARSER_ERROR[c][Thread-215]HikariPool-54 - Shutdown initiated...
2024-03-04 10:08:21,115[INFO]%PARSER_ERROR[c][Thread-215]HikariPool-54 - Shutdown completed.
2024-03-04 10:18:01,239 [INFO] com.example.practise.PractiseApplication [restartedMain] Starting PractiseApplication using Java 17.0.10 with PID 21224 (C:\Users\malar\Desktop\practise\target\classes started by malar in C:\Users\malar\Desktop\practise)
2024-03-04 10:18:01,262 [DEBUG] com.example.practise.PractiseApplication [restartedMain] Running with Spring Boot v3.2.3, Spring v6.1.4
2024-03-04 10:18:01,262 [INFO] com.example.practise.PractiseApplication [restartedMain] No active profile set, falling back to 1 default profile: "default"
2024-03-04 10:18:01,358 [INFO] org.springframework.data.repository.config.RepositoryConfigurationDelegate [restartedMain] Bootstrapping Spring Data JPA repositories in DEFAULT mode.
2024-03-04 10:18:01,362 [INFO] org.springframework.data.repository.config.RepositoryConfigurationDelegate [restartedMain] Finished Spring Data repository scanning in 2 ms. Found 1 JPA repository interface.
2024-03-04 10:18:01,405 [INFO] org.springframework.boot.web.embedded.tomcat.TomcatWebServer [restartedMain] Tomcat initialized with port 8080 (http)
2024-03-04 10:18:01,406 [INFO] org.apache.catalina.core.StandardService [restartedMain] Starting service [Tomcat]
2024-03-04 10:18:01,406 [INFO] org.apache.catalina.core.StandardEngine [restartedMain] Starting Servlet engine: [Apache Tomcat/10.1.19]
2024-03-04 10:18:01,444 [INFO] org.apache.catalina.core.ContainerBase.[Tomcat].[localhost].[/] [restartedMain] Initializing Spring embedded WebApplicationContext
2024-03-04 10:18:01,445 [INFO] org.springframework.boot.web.servlet.context.ServletWebServerApplicationContext [restartedMain] Root WebApplicationContext: initialization completed in 181 ms
2024-03-04 10:18:01,466 [INFO] org.hibernate.jpa.internal.util.LogHelper [restartedMain] HHH000204: Processing PersistenceUnitInfo [name: default]
2024-03-04 10:18:01,468 [INFO] org.hibernate.cache.internal.RegionFactoryInitiator [restartedMain] HHH000026: Second-level cache disabled
2024-03-04 10:18:01,474 [INFO] org.springframework.orm.jpa.persistenceunit.SpringPersistenceUnitInfo [restartedMain] No LoadTimeWeaver setup: ignoring JPA class transformer
2024-03-04 10:18:01,475 [INFO] com.zaxxer.hikari.HikariDataSource [restartedMain] HikariPool-27 - Starting...
2024-03-04 10:18:01,483 [INFO] com.zaxxer.hikari.pool.HikariPool [restartedMain] HikariPool-27 - Added connection com.mysql.cj.jdbc.ConnectionImpl@38867744
2024-03-04 10:18:01,483 [INFO] com.zaxxer.hikari.HikariDataSource [restartedMain] HikariPool-27 - Start completed.
2024-03-04 10:18:01,501 [INFO] org.hibernate.engine.transaction.jta.platform.internal.JtaPlatformInitiator [restartedMain] HHH000489: No JTA platform available (set 'hibernate.transaction.jta.platform' to enable JTA platform integration)
2024-03-04 10:18:01,506 [INFO] org.springframework.orm.jpa.LocalContainerEntityManagerFactoryBean [restartedMain] Initialized JPA EntityManagerFactory for persistence unit 'default'
2024-03-04 10:18:01,550 [WARN] org.springframework.boot.autoconfigure.orm.jpa.JpaBaseConfiguration$JpaWebConfiguration [restartedMain] spring.jpa.open-in-view is enabled by default. Therefore, database queries may be performed during view rendering. Explicitly configure spring.jpa.open-in-view to disable this warning
2024-03-04 10:18:01,635 [INFO] org.springframework.boot.devtools.autoconfigure.OptionalLiveReloadServer [restartedMain] LiveReload server is running on port 35729
2024-03-04 10:18:01,649 [INFO] org.springframework.boot.web.embedded.tomcat.TomcatWebServer [restartedMain] Tomcat started on port 8080 (http) with context path ''
2024-03-04 10:18:01,653 [INFO] com.example.practise.PractiseApplication [restartedMain] Started PractiseApplication in 0.457 seconds (process running for 542.101)
2024-03-04 10:18:01,663 [INFO] org.springframework.boot.devtools.autoconfigure.ConditionEvaluationDeltaLoggingListener [restartedMain] Condition evaluation unchanged
2024-03-04 10:18:41,363 [INFO] org.apache.catalina.core.ContainerBase.[Tomcat].[localhost].[/] [http-nio-8080-exec-1] Initializing Spring DispatcherServlet 'dispatcherServlet'
2024-03-04 10:18:41,373 [INFO] org.springframework.web.servlet.DispatcherServlet [http-nio-8080-exec-1] Initializing Servlet 'dispatcherServlet'
2024-03-04 10:18:41,376 [INFO] org.springframework.web.servlet.DispatcherServlet [http-nio-8080-exec-1] Completed initialization in 2 ms
2024-03-04 10:18:41,378 [INFO] com.example.practise.Logcontroller [http-nio-8080-exec-1] Info enabled
2024-03-04 10:18:41,380 [ERROR] com.example.practise.Logcontroller [http-nio-8080-exec-1] Error enabled
2024-03-04 10:18:41,391 [DEBUG] com.example.practise.Logcontroller [http-nio-8080-exec-1] Debug enabled
2024-03-04 10:18:41,907 [INFO] com.example.practise.Logcontroller [http-nio-8080-exec-2] Info enabled
2024-03-04 10:18:41,907 [ERROR] com.example.practise.Logcontroller [http-nio-8080-exec-2] Error enabled
2024-03-04 10:18:41,907 [DEBUG] com.example.practise.Logcontroller [http-nio-8080-exec-2] Debug enabled
2024-03-04 10:19:23,685 [INFO] org.springframework.boot.devtools.autoconfigure.LocalDevToolsAutoConfiguration$RestartingClassPathChangeChangedEventListener [File Watcher] Restarting due to 1 class path change (0 additions, 0 deletions, 1 modification)
2024-03-04 10:19:23,704 [INFO] org.springframework.orm.jpa.LocalContainerEntityManagerFactoryBean [Thread-107] Closing JPA EntityManagerFactory for persistence unit 'default'
2024-03-04 10:19:23,704 [INFO] com.zaxxer.hikari.HikariDataSource [Thread-107] HikariPool-27 - Shutdown initiated...
2024-03-04 10:19:23,709 [INFO] com.zaxxer.hikari.HikariDataSource [Thread-107] HikariPool-27 - Shutdown completed.
