2024-03-04 10:20:44,780 [INFO] com.example.practise.PractiseApplication [restartedMain] Starting PractiseApplication using Java 17.0.10 with PID 21224 (C:\Users\malar\Desktop\practise\target\classes started by malar in C:\Users\malar\Desktop\practise)
2024-03-04 10:20:44,780 [DEBUG] com.example.practise.PractiseApplication [restartedMain] Running with Spring Boot v3.2.3, Spring v6.1.4
2024-03-04 10:20:44,786 [INFO] com.example.practise.PractiseApplication [restartedMain] No active profile set, falling back to 1 default profile: "default"
2024-03-04 10:20:44,906 [INFO] org.springframework.data.repository.config.RepositoryConfigurationDelegate [restartedMain] Bootstrapping Spring Data JPA repositories in DEFAULT mode.
2024-03-04 10:20:44,932 [INFO] org.springframework.data.repository.config.RepositoryConfigurationDelegate [restartedMain] Finished Spring Data repository scanning in 4 ms. Found 1 JPA repository interface.
2024-03-04 10:20:45,009 [INFO] org.springframework.boot.web.embedded.tomcat.TomcatWebServer [restartedMain] Tomcat initialized with port 8080 (http)
2024-03-04 10:20:45,009 [INFO] org.apache.catalina.core.StandardService [restartedMain] Starting service [Tomcat]
2024-03-04 10:20:45,009 [INFO] org.apache.catalina.core.StandardEngine [restartedMain] Starting Servlet engine: [Apache Tomcat/10.1.19]
2024-03-04 10:20:45,029 [INFO] org.apache.catalina.core.ContainerBase.[Tomcat].[localhost].[/] [restartedMain] Initializing Spring embedded WebApplicationContext
2024-03-04 10:20:45,040 [INFO] org.springframework.boot.web.servlet.context.ServletWebServerApplicationContext [restartedMain] Root WebApplicationContext: initialization completed in 251 ms
2024-03-04 10:20:45,063 [INFO] org.hibernate.jpa.internal.util.LogHelper [restartedMain] HHH000204: Processing PersistenceUnitInfo [name: default]
2024-03-04 10:20:45,063 [INFO] org.hibernate.cache.internal.RegionFactoryInitiator [restartedMain] HHH000026: Second-level cache disabled
2024-03-04 10:20:45,072 [INFO] org.springframework.orm.jpa.persistenceunit.SpringPersistenceUnitInfo [restartedMain] No LoadTimeWeaver setup: ignoring JPA class transformer
2024-03-04 10:20:45,078 [INFO] com.zaxxer.hikari.HikariDataSource [restartedMain] HikariPool-32 - Starting...
2024-03-04 10:20:45,091 [INFO] com.zaxxer.hikari.pool.HikariPool [restartedMain] HikariPool-32 - Added connection com.mysql.cj.jdbc.ConnectionImpl@47b3dbcc
2024-03-04 10:20:45,095 [INFO] com.zaxxer.hikari.HikariDataSource [restartedMain] HikariPool-32 - Start completed.
2024-03-04 10:20:45,120 [INFO] org.hibernate.engine.transaction.jta.platform.internal.JtaPlatformInitiator [restartedMain] HHH000489: No JTA platform available (set 'hibernate.transaction.jta.platform' to enable JTA platform integration)
2024-03-04 10:20:45,133 [INFO] org.springframework.orm.jpa.LocalContainerEntityManagerFactoryBean [restartedMain] Initialized JPA EntityManagerFactory for persistence unit 'default'
2024-03-04 10:20:45,188 [WARN] org.springframework.boot.autoconfigure.orm.jpa.JpaBaseConfiguration$JpaWebConfiguration [restartedMain] spring.jpa.open-in-view is enabled by default. Therefore, database queries may be performed during view rendering. Explicitly configure spring.jpa.open-in-view to disable this warning
2024-03-04 10:20:45,242 [INFO] org.springframework.boot.devtools.autoconfigure.OptionalLiveReloadServer [restartedMain] LiveReload server is running on port 35729
2024-03-04 10:20:45,281 [INFO] org.springframework.boot.web.embedded.tomcat.TomcatWebServer [restartedMain] Tomcat started on port 8080 (http) with context path ''
2024-03-04 10:20:45,281 [INFO] com.example.practise.PractiseApplication [restartedMain] Started PractiseApplication in 0.516 seconds (process running for 705.733)
2024-03-04 10:20:45,286 [INFO] org.springframework.boot.devtools.autoconfigure.ConditionEvaluationDeltaLoggingListener [restartedMain] Condition evaluation unchanged
2024-03-04 10:20:49,428 [INFO] org.apache.catalina.core.ContainerBase.[Tomcat].[localhost].[/] [http-nio-8080-exec-1] Initializing Spring DispatcherServlet 'dispatcherServlet'
2024-03-04 10:20:49,428 [INFO] org.springframework.web.servlet.DispatcherServlet [http-nio-8080-exec-1] Initializing Servlet 'dispatcherServlet'
2024-03-04 10:20:49,428 [INFO] org.springframework.web.servlet.DispatcherServlet [http-nio-8080-exec-1] Completed initialization in 0 ms
2024-03-04 10:20:49,428 [INFO] com.example.practise.Logcontroller [http-nio-8080-exec-1] Info enabled
2024-03-04 10:20:49,444 [ERROR] com.example.practise.Logcontroller [http-nio-8080-exec-1] Error enabled
2024-03-04 10:20:49,444 [DEBUG] com.example.practise.Logcontroller [http-nio-8080-exec-1] Debug enabled
2024-03-04 10:23:38,639 [INFO] org.springframework.boot.devtools.autoconfigure.LocalDevToolsAutoConfiguration$RestartingClassPathChangeChangedEventListener [File Watcher] Restarting due to 1 class path change (0 additions, 0 deletions, 1 modification)
2024-03-04 10:23:38,657 [INFO] org.springframework.orm.jpa.LocalContainerEntityManagerFactoryBean [Thread-127] Closing JPA EntityManagerFactory for persistence unit 'default'
2024-03-04 10:23:38,658 [INFO] com.zaxxer.hikari.HikariDataSource [Thread-127] HikariPool-32 - Shutdown initiated...
2024-03-04 10:23:38,663 [INFO] com.zaxxer.hikari.HikariDataSource [Thread-127] HikariPool-32 - Shutdown completed.
2024-03-04 10:23:38,736 [INFO] com.example.practise.PractiseApplication [restartedMain] Starting PractiseApplication using Java 17.0.10 with PID 21224 (C:\Users\malar\Desktop\practise\target\classes started by malar in C:\Users\malar\Desktop\practise)
2024-03-04 10:23:38,737 [DEBUG] com.example.practise.PractiseApplication [restartedMain] Running with Spring Boot v3.2.3, Spring v6.1.4
2024-03-04 10:23:38,737 [INFO] com.example.practise.PractiseApplication [restartedMain] No active profile set, falling back to 1 default profile: "default"
2024-03-04 10:23:38,847 [INFO] org.springframework.data.repository.config.RepositoryConfigurationDelegate [restartedMain] Bootstrapping Spring Data JPA repositories in DEFAULT mode.
2024-03-04 10:23:38,851 [INFO] org.springframework.data.repository.config.RepositoryConfigurationDelegate [restartedMain] Finished Spring Data repository scanning in 2 ms. Found 1 JPA repository interface.
2024-03-04 10:23:38,901 [INFO] org.springframework.boot.web.embedded.tomcat.TomcatWebServer [restartedMain] Tomcat initialized with port 8080 (http)
2024-03-04 10:23:38,907 [INFO] org.apache.catalina.core.StandardService [restartedMain] Starting service [Tomcat]
2024-03-04 10:23:38,909 [INFO] org.apache.catalina.core.StandardEngine [restartedMain] Starting Servlet engine: [Apache Tomcat/10.1.19]
2024-03-04 10:23:38,948 [INFO] org.apache.catalina.core.ContainerBase.[Tomcat].[localhost].[/] [restartedMain] Initializing Spring embedded WebApplicationContext
2024-03-04 10:23:38,948 [INFO] org.springframework.boot.web.servlet.context.ServletWebServerApplicationContext [restartedMain] Root WebApplicationContext: initialization completed in 208 ms
2024-03-04 10:23:38,966 [INFO] org.hibernate.jpa.internal.util.LogHelper [restartedMain] HHH000204: Processing PersistenceUnitInfo [name: default]
2024-03-04 10:23:38,968 [INFO] org.hibernate.cache.internal.RegionFactoryInitiator [restartedMain] HHH000026: Second-level cache disabled
2024-03-04 10:23:38,976 [INFO] org.springframework.orm.jpa.persistenceunit.SpringPersistenceUnitInfo [restartedMain] No LoadTimeWeaver setup: ignoring JPA class transformer
2024-03-04 10:23:38,977 [INFO] com.zaxxer.hikari.HikariDataSource [restartedMain] HikariPool-33 - Starting...
2024-03-04 10:23:38,990 [INFO] com.zaxxer.hikari.pool.HikariPool [restartedMain] HikariPool-33 - Added connection com.mysql.cj.jdbc.ConnectionImpl@5ab84a0a
2024-03-04 10:23:38,991 [INFO] com.zaxxer.hikari.HikariDataSource [restartedMain] HikariPool-33 - Start completed.
2024-03-04 10:23:39,015 [INFO] org.hibernate.engine.transaction.jta.platform.internal.JtaPlatformInitiator [restartedMain] HHH000489: No JTA platform available (set 'hibernate.transaction.jta.platform' to enable JTA platform integration)
2024-03-04 10:23:39,025 [INFO] org.springframework.orm.jpa.LocalContainerEntityManagerFactoryBean [restartedMain] Initialized JPA EntityManagerFactory for persistence unit 'default'
2024-03-04 10:23:39,084 [WARN] org.springframework.boot.autoconfigure.orm.jpa.JpaBaseConfiguration$JpaWebConfiguration [restartedMain] spring.jpa.open-in-view is enabled by default. Therefore, database queries may be performed during view rendering. Explicitly configure spring.jpa.open-in-view to disable this warning
2024-03-04 10:23:39,148 [INFO] org.springframework.boot.devtools.autoconfigure.OptionalLiveReloadServer [restartedMain] LiveReload server is running on port 35729
2024-03-04 10:23:39,154 [INFO] org.springframework.boot.web.embedded.tomcat.TomcatWebServer [restartedMain] Tomcat started on port 8080 (http) with context path ''
2024-03-04 10:23:39,159 [INFO] com.example.practise.PractiseApplication [restartedMain] Started PractiseApplication in 0.439 seconds (process running for 879.607)
2024-03-04 10:23:39,161 [INFO] org.springframework.boot.devtools.autoconfigure.ConditionEvaluationDeltaLoggingListener [restartedMain] Condition evaluation unchanged
2024-03-04 10:23:44,931 [INFO] org.apache.catalina.core.ContainerBase.[Tomcat].[localhost].[/] [http-nio-8080-exec-2] Initializing Spring DispatcherServlet 'dispatcherServlet'
2024-03-04 10:23:44,932 [INFO] org.springframework.web.servlet.DispatcherServlet [http-nio-8080-exec-2] Initializing Servlet 'dispatcherServlet'
2024-03-04 10:23:44,933 [INFO] org.springframework.web.servlet.DispatcherServlet [http-nio-8080-exec-2] Completed initialization in 1 ms
2024-03-04 10:23:44,935 [INFO] com.example.practise.Logcontroller [http-nio-8080-exec-2] Info enabled
2024-03-04 10:23:44,939 [ERROR] com.example.practise.Logcontroller [http-nio-8080-exec-2] Error enabled
2024-03-04 10:23:44,948 [DEBUG] com.example.practise.Logcontroller [http-nio-8080-exec-2] Debug enabled
2024-03-04 10:23:55,954 [INFO] org.springframework.boot.devtools.autoconfigure.LocalDevToolsAutoConfiguration$RestartingClassPathChangeChangedEventListener [File Watcher] Restarting due to 1 class path change (0 additions, 0 deletions, 1 modification)
2024-03-04 10:23:55,968 [INFO] org.springframework.orm.jpa.LocalContainerEntityManagerFactoryBean [Thread-131] Closing JPA EntityManagerFactory for persistence unit 'default'
2024-03-04 10:23:55,977 [INFO] com.zaxxer.hikari.HikariDataSource [Thread-131] HikariPool-33 - Shutdown initiated...
2024-03-04 10:23:55,994 [INFO] com.zaxxer.hikari.HikariDataSource [Thread-131] HikariPool-33 - Shutdown completed.
2024-03-04 10:25:52,786 [INFO] com.example.practise.PractiseApplication [restartedMain] Starting PractiseApplication using Java 17.0.10 with PID 21224 (C:\Users\malar\Desktop\practise\target\classes started by malar in C:\Users\malar\Desktop\practise)
2024-03-04 10:25:52,786 [DEBUG] com.example.practise.PractiseApplication [restartedMain] Running with Spring Boot v3.2.3, Spring v6.1.4
2024-03-04 10:25:52,786 [INFO] com.example.practise.PractiseApplication [restartedMain] No active profile set, falling back to 1 default profile: "default"
2024-03-04 10:25:52,887 [INFO] org.springframework.data.repository.config.RepositoryConfigurationDelegate [restartedMain] Bootstrapping Spring Data JPA repositories in DEFAULT mode.
2024-03-04 10:25:52,904 [INFO] org.springframework.data.repository.config.RepositoryConfigurationDelegate [restartedMain] Finished Spring Data repository scanning in 7 ms. Found 1 JPA repository interface.
2024-03-04 10:25:52,954 [INFO] org.springframework.boot.web.embedded.tomcat.TomcatWebServer [restartedMain] Tomcat initialized with port 8080 (http)
2024-03-04 10:25:52,954 [INFO] org.apache.catalina.core.StandardService [restartedMain] Starting service [Tomcat]
2024-03-04 10:25:52,954 [INFO] org.apache.catalina.core.StandardEngine [restartedMain] Starting Servlet engine: [Apache Tomcat/10.1.19]
2024-03-04 10:25:52,987 [INFO] org.apache.catalina.core.ContainerBase.[Tomcat].[localhost].[/] [restartedMain] Initializing Spring embedded WebApplicationContext
2024-03-04 10:25:52,987 [INFO] org.springframework.boot.web.servlet.context.ServletWebServerApplicationContext [restartedMain] Root WebApplicationContext: initialization completed in 201 ms
2024-03-04 10:25:53,004 [INFO] org.hibernate.jpa.internal.util.LogHelper [restartedMain] HHH000204: Processing PersistenceUnitInfo [name: default]
2024-03-04 10:25:53,004 [INFO] org.hibernate.cache.internal.RegionFactoryInitiator [restartedMain] HHH000026: Second-level cache disabled
2024-03-04 10:25:53,014 [INFO] org.springframework.orm.jpa.persistenceunit.SpringPersistenceUnitInfo [restartedMain] No LoadTimeWeaver setup: ignoring JPA class transformer
2024-03-04 10:25:53,014 [INFO] com.zaxxer.hikari.HikariDataSource [restartedMain] HikariPool-36 - Starting...
2024-03-04 10:25:53,025 [INFO] com.zaxxer.hikari.pool.HikariPool [restartedMain] HikariPool-36 - Added connection com.mysql.cj.jdbc.ConnectionImpl@2b4fbf8e
2024-03-04 10:25:53,025 [INFO] com.zaxxer.hikari.HikariDataSource [restartedMain] HikariPool-36 - Start completed.
2024-03-04 10:25:53,041 [INFO] org.hibernate.engine.transaction.jta.platform.internal.JtaPlatformInitiator [restartedMain] HHH000489: No JTA platform available (set 'hibernate.transaction.jta.platform' to enable JTA platform integration)
2024-03-04 10:25:53,055 [INFO] org.springframework.orm.jpa.LocalContainerEntityManagerFactoryBean [restartedMain] Initialized JPA EntityManagerFactory for persistence unit 'default'
2024-03-04 10:25:53,115 [WARN] org.springframework.boot.autoconfigure.orm.jpa.JpaBaseConfiguration$JpaWebConfiguration [restartedMain] spring.jpa.open-in-view is enabled by default. Therefore, database queries may be performed during view rendering. Explicitly configure spring.jpa.open-in-view to disable this warning
2024-03-04 10:25:53,177 [INFO] org.springframework.boot.devtools.autoconfigure.OptionalLiveReloadServer [restartedMain] LiveReload server is running on port 35729
2024-03-04 10:25:53,194 [INFO] org.springframework.boot.web.embedded.tomcat.TomcatWebServer [restartedMain] Tomcat started on port 8080 (http) with context path ''
2024-03-04 10:25:53,194 [INFO] com.example.practise.PractiseApplication [restartedMain] Started PractiseApplication in 0.424 seconds (process running for 1013.649)
2024-03-04 10:25:53,206 [INFO] org.springframework.boot.devtools.autoconfigure.ConditionEvaluationDeltaLoggingListener [restartedMain] Condition evaluation unchanged
2024-03-04 10:25:58,534 [INFO] org.apache.catalina.core.ContainerBase.[Tomcat].[localhost].[/] [http-nio-8080-exec-5] Initializing Spring DispatcherServlet 'dispatcherServlet'
2024-03-04 10:25:58,535 [INFO] org.springframework.web.servlet.DispatcherServlet [http-nio-8080-exec-5] Initializing Servlet 'dispatcherServlet'
2024-03-04 10:25:58,537 [INFO] org.springframework.web.servlet.DispatcherServlet [http-nio-8080-exec-5] Completed initialization in 2 ms
2024-03-04 10:25:58,542 [INFO] com.example.practise.Logcontroller [http-nio-8080-exec-5] Info enabled
2024-03-04 10:25:58,546 [ERROR] com.example.practise.Logcontroller [http-nio-8080-exec-5] Error enabled
2024-03-04 10:25:58,548 [DEBUG] com.example.practise.Logcontroller [http-nio-8080-exec-5] Debug enabled
2024-03-04 10:25:58,697 [INFO] com.example.practise.Logcontroller [http-nio-8080-exec-7] Info enabled
2024-03-04 10:25:58,697 [ERROR] com.example.practise.Logcontroller [http-nio-8080-exec-7] Error enabled
2024-03-04 10:25:58,697 [DEBUG] com.example.practise.Logcontroller [http-nio-8080-exec-7] Debug enabled
2024-03-04 10:25:58,872 [INFO] com.example.practise.Logcontroller [http-nio-8080-exec-8] Info enabled
2024-03-04 10:25:58,872 [ERROR] com.example.practise.Logcontroller [http-nio-8080-exec-8] Error enabled
2024-03-04 10:25:58,872 [DEBUG] com.example.practise.Logcontroller [http-nio-8080-exec-8] Debug enabled
2024-03-04 10:30:20,405 [INFO] org.springframework.boot.devtools.autoconfigure.LocalDevToolsAutoConfiguration$RestartingClassPathChangeChangedEventListener [File Watcher] Restarting due to 1 class path change (0 additions, 0 deletions, 1 modification)
2024-03-04 10:30:20,432 [INFO] org.springframework.orm.jpa.LocalContainerEntityManagerFactoryBean [Thread-143] Closing JPA EntityManagerFactory for persistence unit 'default'
2024-03-04 10:30:20,432 [INFO] com.zaxxer.hikari.HikariDataSource [Thread-143] HikariPool-36 - Shutdown initiated...
2024-03-04 10:30:20,444 [INFO] com.zaxxer.hikari.HikariDataSource [Thread-143] HikariPool-36 - Shutdown completed.
2024-03-04 10:30:20,522 [INFO] com.example.practise.PractiseApplication [restartedMain] Starting PractiseApplication using Java 17.0.10 with PID 21224 (C:\Users\malar\Desktop\practise\target\classes started by malar in C:\Users\malar\Desktop\practise)%PARSER_ERROR[N]2024-03-04 10:30:20,522 [DEBUG] com.example.practise.PractiseApplication [restartedMain] Running with Spring Boot v3.2.3, Spring v6.1.4%PARSER_ERROR[N]2024-03-04 10:30:20,522 [INFO] com.example.practise.PractiseApplication [restartedMain] No active profile set, falling back to 1 default profile: "default"%PARSER_ERROR[N]2024-03-04 10:30:20,640 [INFO] org.springframework.data.repository.config.RepositoryConfigurationDelegate [restartedMain] Bootstrapping Spring Data JPA repositories in DEFAULT mode.%PARSER_ERROR[N]2024-03-04 10:30:20,643 [INFO] org.springframework.data.repository.config.RepositoryConfigurationDelegate [restartedMain] Finished Spring Data repository scanning in 3 ms. Found 1 JPA repository interface.%PARSER_ERROR[N]2024-03-04 10:30:20,695 [INFO] org.springframework.boot.web.embedded.tomcat.TomcatWebServer [restartedMain] Tomcat initialized with port 8080 (http)%PARSER_ERROR[N]2024-03-04 10:30:20,698 [INFO] org.apache.catalina.core.StandardService [restartedMain] Starting service [Tomcat]%PARSER_ERROR[N]2024-03-04 10:30:20,698 [INFO] org.apache.catalina.core.StandardEngine [restartedMain] Starting Servlet engine: [Apache Tomcat/10.1.19]%PARSER_ERROR[N]2024-03-04 10:30:20,721 [INFO] org.apache.catalina.core.ContainerBase.[Tomcat].[localhost].[/] [restartedMain] Initializing Spring embedded WebApplicationContext%PARSER_ERROR[N]2024-03-04 10:30:20,721 [INFO] org.springframework.boot.web.servlet.context.ServletWebServerApplicationContext [restartedMain] Root WebApplicationContext: initialization completed in 199 ms%PARSER_ERROR[N]2024-03-04 10:30:20,746 [INFO] org.hibernate.jpa.internal.util.LogHelper [restartedMain] HHH000204: Processing PersistenceUnitInfo [name: default]%PARSER_ERROR[N]2024-03-04 10:30:20,752 [INFO] org.hibernate.cache.internal.RegionFactoryInitiator [restartedMain] HHH000026: Second-level cache disabled%PARSER_ERROR[N]2024-03-04 10:30:20,757 [INFO] org.springframework.orm.jpa.persistenceunit.SpringPersistenceUnitInfo [restartedMain] No LoadTimeWeaver setup: ignoring JPA class transformer%PARSER_ERROR[N]2024-03-04 10:30:20,757 [INFO] com.zaxxer.hikari.HikariDataSource [restartedMain] HikariPool-37 - Starting...%PARSER_ERROR[N]2024-03-04 10:30:20,769 [INFO] com.zaxxer.hikari.pool.HikariPool [restartedMain] HikariPool-37 - Added connection com.mysql.cj.jdbc.ConnectionImpl@38390e08%PARSER_ERROR[N]2024-03-04 10:30:20,771 [INFO] com.zaxxer.hikari.HikariDataSource [restartedMain] HikariPool-37 - Start completed.%PARSER_ERROR[N]2024-03-04 10:30:20,783 [INFO] org.hibernate.engine.transaction.jta.platform.internal.JtaPlatformInitiator [restartedMain] HHH000489: No JTA platform available (set 'hibernate.transaction.jta.platform' to enable JTA platform integration)%PARSER_ERROR[N]2024-03-04 10:30:20,787 [INFO] org.springframework.orm.jpa.LocalContainerEntityManagerFactoryBean [restartedMain] Initialized JPA EntityManagerFactory for persistence unit 'default'%PARSER_ERROR[N]2024-03-04 10:30:20,821 [WARN] org.springframework.boot.autoconfigure.orm.jpa.JpaBaseConfiguration$JpaWebConfiguration [restartedMain] spring.jpa.open-in-view is enabled by default. Therefore, database queries may be performed during view rendering. Explicitly configure spring.jpa.open-in-view to disable this warning%PARSER_ERROR[N]2024-03-04 10:30:20,854 [INFO] org.springframework.boot.devtools.autoconfigure.OptionalLiveReloadServer [restartedMain] LiveReload server is running on port 35729%PARSER_ERROR[N]2024-03-04 10:30:20,862 [INFO] org.springframework.boot.web.embedded.tomcat.TomcatWebServer [restartedMain] Tomcat started on port 8080 (http) with context path ''%PARSER_ERROR[N]2024-03-04 10:30:20,862 [INFO] com.example.practise.PractiseApplication [restartedMain] Started PractiseApplication in 0.348 seconds (process running for 1281.313)%PARSER_ERROR[N]2024-03-04 10:30:20,862 [INFO] org.springframework.boot.devtools.autoconfigure.ConditionEvaluationDeltaLoggingListener [restartedMain] Condition evaluation unchanged%PARSER_ERROR[N]2024-03-04 10:30:24,328 [INFO] org.springframework.boot.devtools.autoconfigure.LocalDevToolsAutoConfiguration$RestartingClassPathChangeChangedEventListener [File Watcher] Restarting due to 1 class path change (0 additions, 0 deletions, 1 modification)%PARSER_ERROR[N]2024-03-04 10:30:24,347 [INFO] org.springframework.orm.jpa.LocalContainerEntityManagerFactoryBean [Thread-147] Closing JPA EntityManagerFactory for persistence unit 'default'%PARSER_ERROR[N]2024-03-04 10:30:24,347 [INFO] com.zaxxer.hikari.HikariDataSource [Thread-147] HikariPool-37 - Shutdown initiated...%PARSER_ERROR[N]2024-03-04 10:30:24,364 [INFO] com.zaxxer.hikari.HikariDataSource [Thread-147] HikariPool-37 - Shutdown completed.%PARSER_ERROR[N]2024-03-04 10:30:24,437 [INFO] com.example.practise.PractiseApplication [restartedMain] Starting PractiseApplication using Java 17.0.10 with PID 21224 (C:\Users\malar\Desktop\practise\target\classes started by malar in C:\Users\malar\Desktop\practise)
2024-03-04 10:30:24,437 [DEBUG] com.example.practise.PractiseApplication [restartedMain] Running with Spring Boot v3.2.3, Spring v6.1.4
2024-03-04 10:30:24,437 [INFO] com.example.practise.PractiseApplication [restartedMain] No active profile set, falling back to 1 default profile: "default"
2024-03-04 10:30:24,520 [INFO] org.springframework.data.repository.config.RepositoryConfigurationDelegate [restartedMain] Bootstrapping Spring Data JPA repositories in DEFAULT mode.
2024-03-04 10:30:24,520 [INFO] org.springframework.data.repository.config.RepositoryConfigurationDelegate [restartedMain] Finished Spring Data repository scanning in 3 ms. Found 1 JPA repository interface.
2024-03-04 10:30:24,555 [INFO] org.springframework.boot.web.embedded.tomcat.TomcatWebServer [restartedMain] Tomcat initialized with port 8080 (http)
2024-03-04 10:30:24,555 [INFO] org.apache.catalina.core.StandardService [restartedMain] Starting service [Tomcat]
2024-03-04 10:30:24,555 [INFO] org.apache.catalina.core.StandardEngine [restartedMain] Starting Servlet engine: [Apache Tomcat/10.1.19]
2024-03-04 10:30:24,596 [INFO] org.apache.catalina.core.ContainerBase.[Tomcat].[localhost].[/] [restartedMain] Initializing Spring embedded WebApplicationContext
2024-03-04 10:30:24,598 [INFO] org.springframework.boot.web.servlet.context.ServletWebServerApplicationContext [restartedMain] Root WebApplicationContext: initialization completed in 161 ms
2024-03-04 10:30:24,611 [INFO] org.hibernate.jpa.internal.util.LogHelper [restartedMain] HHH000204: Processing PersistenceUnitInfo [name: default]
2024-03-04 10:30:24,615 [INFO] org.hibernate.cache.internal.RegionFactoryInitiator [restartedMain] HHH000026: Second-level cache disabled
2024-03-04 10:30:24,616 [INFO] org.springframework.orm.jpa.persistenceunit.SpringPersistenceUnitInfo [restartedMain] No LoadTimeWeaver setup: ignoring JPA class transformer
2024-03-04 10:30:24,619 [INFO] com.zaxxer.hikari.HikariDataSource [restartedMain] HikariPool-38 - Starting...
2024-03-04 10:30:24,629 [INFO] com.zaxxer.hikari.pool.HikariPool [restartedMain] HikariPool-38 - Added connection com.mysql.cj.jdbc.ConnectionImpl@7da6efae
2024-03-04 10:30:24,629 [INFO] com.zaxxer.hikari.HikariDataSource [restartedMain] HikariPool-38 - Start completed.
2024-03-04 10:30:24,640 [INFO] org.hibernate.engine.transaction.jta.platform.internal.JtaPlatformInitiator [restartedMain] HHH000489: No JTA platform available (set 'hibernate.transaction.jta.platform' to enable JTA platform integration)
2024-03-04 10:30:24,650 [INFO] org.springframework.orm.jpa.LocalContainerEntityManagerFactoryBean [restartedMain] Initialized JPA EntityManagerFactory for persistence unit 'default'
2024-03-04 10:30:24,688 [WARN] org.springframework.boot.autoconfigure.orm.jpa.JpaBaseConfiguration$JpaWebConfiguration [restartedMain] spring.jpa.open-in-view is enabled by default. Therefore, database queries may be performed during view rendering. Explicitly configure spring.jpa.open-in-view to disable this warning
2024-03-04 10:30:24,722 [INFO] org.springframework.boot.devtools.autoconfigure.OptionalLiveReloadServer [restartedMain] LiveReload server is running on port 35729
2024-03-04 10:30:24,737 [INFO] org.springframework.boot.web.embedded.tomcat.TomcatWebServer [restartedMain] Tomcat started on port 8080 (http) with context path ''
2024-03-04 10:30:24,737 [INFO] com.example.practise.PractiseApplication [restartedMain] Started PractiseApplication in 0.314 seconds (process running for 1285.19)
2024-03-04 10:30:24,737 [INFO] org.springframework.boot.devtools.autoconfigure.ConditionEvaluationDeltaLoggingListener [restartedMain] Condition evaluation unchanged
2024-03-04 10:32:49,674 [WARN] com.zaxxer.hikari.pool.HikariPool [HikariPool-38 housekeeper] HikariPool-38 - Thread starvation or clock leap detected (housekeeper delta=1m24s931ms894µs200ns).
2024-03-04 10:32:50,553 [INFO] org.springframework.boot.devtools.autoconfigure.LocalDevToolsAutoConfiguration$RestartingClassPathChangeChangedEventListener [File Watcher] Restarting due to 1 class path change (0 additions, 0 deletions, 1 modification)
2024-03-04 10:32:50,569 [INFO] org.springframework.orm.jpa.LocalContainerEntityManagerFactoryBean [Thread-151] Closing JPA EntityManagerFactory for persistence unit 'default'
2024-03-04 10:32:50,571 [INFO] com.zaxxer.hikari.HikariDataSource [Thread-151] HikariPool-38 - Shutdown initiated...
2024-03-04 10:32:50,573 [INFO] com.zaxxer.hikari.HikariDataSource [Thread-151] HikariPool-38 - Shutdown completed.
2024-03-04 10:32:50,649 [INFO] com.example.practise.PractiseApplication [restartedMain] Starting PractiseApplication using Java 17.0.10 with PID 21224 (C:\Users\malar\Desktop\practise\target\classes started by malar in C:\Users\malar\Desktop\practise)
2024-03-04 10:32:50,650 [DEBUG] com.example.practise.PractiseApplication [restartedMain] Running with Spring Boot v3.2.3, Spring v6.1.4
2024-03-04 10:32:50,651 [INFO] com.example.practise.PractiseApplication [restartedMain] No active profile set, falling back to 1 default profile: "default"
2024-03-04 10:32:50,745 [INFO] org.springframework.data.repository.config.RepositoryConfigurationDelegate [restartedMain] Bootstrapping Spring Data JPA repositories in DEFAULT mode.
2024-03-04 10:32:50,751 [INFO] org.springframework.data.repository.config.RepositoryConfigurationDelegate [restartedMain] Finished Spring Data repository scanning in 6 ms. Found 1 JPA repository interface.
2024-03-04 10:32:50,824 [INFO] org.springframework.boot.web.embedded.tomcat.TomcatWebServer [restartedMain] Tomcat initialized with port 8080 (http)
2024-03-04 10:32:50,824 [INFO] org.apache.catalina.core.StandardService [restartedMain] Starting service [Tomcat]
2024-03-04 10:32:50,824 [INFO] org.apache.catalina.core.StandardEngine [restartedMain] Starting Servlet engine: [Apache Tomcat/10.1.19]
2024-03-04 10:32:50,854 [INFO] org.apache.catalina.core.ContainerBase.[Tomcat].[localhost].[/] [restartedMain] Initializing Spring embedded WebApplicationContext
2024-03-04 10:32:50,854 [INFO] org.springframework.boot.web.servlet.context.ServletWebServerApplicationContext [restartedMain] Root WebApplicationContext: initialization completed in 200 ms
2024-03-04 10:32:50,869 [INFO] org.hibernate.jpa.internal.util.LogHelper [restartedMain] HHH000204: Processing PersistenceUnitInfo [name: default]
2024-03-04 10:32:50,883 [INFO] org.hibernate.cache.internal.RegionFactoryInitiator [restartedMain] HHH000026: Second-level cache disabled
2024-03-04 10:32:50,886 [INFO] org.springframework.orm.jpa.persistenceunit.SpringPersistenceUnitInfo [restartedMain] No LoadTimeWeaver setup: ignoring JPA class transformer
2024-03-04 10:32:50,886 [INFO] com.zaxxer.hikari.HikariDataSource [restartedMain] HikariPool-39 - Starting...
2024-03-04 10:32:50,897 [INFO] com.zaxxer.hikari.pool.HikariPool [restartedMain] HikariPool-39 - Added connection com.mysql.cj.jdbc.ConnectionImpl@29068ae4
2024-03-04 10:32:50,897 [INFO] com.zaxxer.hikari.HikariDataSource [restartedMain] HikariPool-39 - Start completed.
2024-03-04 10:32:50,913 [INFO] org.hibernate.engine.transaction.jta.platform.internal.JtaPlatformInitiator [restartedMain] HHH000489: No JTA platform available (set 'hibernate.transaction.jta.platform' to enable JTA platform integration)
2024-03-04 10:32:50,920 [INFO] org.springframework.orm.jpa.LocalContainerEntityManagerFactoryBean [restartedMain] Initialized JPA EntityManagerFactory for persistence unit 'default'
2024-03-04 10:32:50,960 [WARN] org.springframework.boot.autoconfigure.orm.jpa.JpaBaseConfiguration$JpaWebConfiguration [restartedMain] spring.jpa.open-in-view is enabled by default. Therefore, database queries may be performed during view rendering. Explicitly configure spring.jpa.open-in-view to disable this warning
2024-03-04 10:32:51,026 [INFO] org.springframework.boot.devtools.autoconfigure.OptionalLiveReloadServer [restartedMain] LiveReload server is running on port 35729
2024-03-04 10:32:51,045 [INFO] org.springframework.boot.web.embedded.tomcat.TomcatWebServer [restartedMain] Tomcat started on port 8080 (http) with context path ''
2024-03-04 10:32:51,051 [INFO] com.example.practise.PractiseApplication [restartedMain] Started PractiseApplication in 0.425 seconds (process running for 1431.499)
2024-03-04 10:32:51,051 [INFO] org.springframework.boot.devtools.autoconfigure.ConditionEvaluationDeltaLoggingListener [restartedMain] Condition evaluation unchanged
2024-03-04 10:32:52,455 [INFO] org.springframework.boot.devtools.autoconfigure.LocalDevToolsAutoConfiguration$RestartingClassPathChangeChangedEventListener [File Watcher] Restarting due to 1 class path change (0 additions, 0 deletions, 1 modification)
2024-03-04 10:32:52,469 [INFO] org.springframework.orm.jpa.LocalContainerEntityManagerFactoryBean [Thread-155] Closing JPA EntityManagerFactory for persistence unit 'default'
2024-03-04 10:32:52,469 [INFO] com.zaxxer.hikari.HikariDataSource [Thread-155] HikariPool-39 - Shutdown initiated...
2024-03-04 10:32:52,492 [INFO] com.zaxxer.hikari.HikariDataSource [Thread-155] HikariPool-39 - Shutdown completed.
2024-03-04 10:32:52,602 [INFO] com.example.practise.PractiseApplication [restartedMain] Starting PractiseApplication using Java 17.0.10 with PID 21224 (C:\Users\malar\Desktop\practise\target\classes started by malar in C:\Users\malar\Desktop\practise)
2024-03-04 10:32:52,604 [DEBUG] com.example.practise.PractiseApplication [restartedMain] Running with Spring Boot v3.2.3, Spring v6.1.4
2024-03-04 10:32:52,604 [INFO] com.example.practise.PractiseApplication [restartedMain] No active profile set, falling back to 1 default profile: "default"
2024-03-04 10:32:52,705 [INFO] org.springframework.data.repository.config.RepositoryConfigurationDelegate [restartedMain] Bootstrapping Spring Data JPA repositories in DEFAULT mode.
2024-03-04 10:32:52,705 [INFO] org.springframework.data.repository.config.RepositoryConfigurationDelegate [restartedMain] Finished Spring Data repository scanning in 4 ms. Found 1 JPA repository interface.
2024-03-04 10:32:52,770 [INFO] org.springframework.boot.web.embedded.tomcat.TomcatWebServer [restartedMain] Tomcat initialized with port 8080 (http)
2024-03-04 10:32:52,770 [INFO] org.apache.catalina.core.StandardService [restartedMain] Starting service [Tomcat]
2024-03-04 10:32:52,770 [INFO] org.apache.catalina.core.StandardEngine [restartedMain] Starting Servlet engine: [Apache Tomcat/10.1.19]
2024-03-04 10:32:52,817 [INFO] org.apache.catalina.core.ContainerBase.[Tomcat].[localhost].[/] [restartedMain] Initializing Spring embedded WebApplicationContext
2024-03-04 10:32:52,821 [INFO] org.springframework.boot.web.servlet.context.ServletWebServerApplicationContext [restartedMain] Root WebApplicationContext: initialization completed in 211 ms
2024-03-04 10:32:52,843 [INFO] org.hibernate.jpa.internal.util.LogHelper [restartedMain] HHH000204: Processing PersistenceUnitInfo [name: default]
2024-03-04 10:32:52,851 [INFO] org.hibernate.cache.internal.RegionFactoryInitiator [restartedMain] HHH000026: Second-level cache disabled
2024-03-04 10:32:52,854 [INFO] org.springframework.orm.jpa.persistenceunit.SpringPersistenceUnitInfo [restartedMain] No LoadTimeWeaver setup: ignoring JPA class transformer
2024-03-04 10:32:52,854 [INFO] com.zaxxer.hikari.HikariDataSource [restartedMain] HikariPool-40 - Starting...
2024-03-04 10:32:52,871 [INFO] com.zaxxer.hikari.pool.HikariPool [restartedMain] HikariPool-40 - Added connection com.mysql.cj.jdbc.ConnectionImpl@2dd9f7d1
2024-03-04 10:32:52,871 [INFO] com.zaxxer.hikari.HikariDataSource [restartedMain] HikariPool-40 - Start completed.
2024-03-04 10:32:52,892 [INFO] org.hibernate.engine.transaction.jta.platform.internal.JtaPlatformInitiator [restartedMain] HHH000489: No JTA platform available (set 'hibernate.transaction.jta.platform' to enable JTA platform integration)
2024-03-04 10:32:52,901 [INFO] org.springframework.orm.jpa.LocalContainerEntityManagerFactoryBean [restartedMain] Initialized JPA EntityManagerFactory for persistence unit 'default'
2024-03-04 10:32:52,946 [WARN] org.springframework.boot.autoconfigure.orm.jpa.JpaBaseConfiguration$JpaWebConfiguration [restartedMain] spring.jpa.open-in-view is enabled by default. Therefore, database queries may be performed during view rendering. Explicitly configure spring.jpa.open-in-view to disable this warning
2024-03-04 10:32:52,986 [INFO] org.springframework.boot.devtools.autoconfigure.OptionalLiveReloadServer [restartedMain] LiveReload server is running on port 35729
2024-03-04 10:32:52,992 [INFO] org.springframework.boot.web.embedded.tomcat.TomcatWebServer [restartedMain] Tomcat started on port 8080 (http) with context path ''
2024-03-04 10:32:52,992 [INFO] com.example.practise.PractiseApplication [restartedMain] Started PractiseApplication in 0.411 seconds (process running for 1433.447)
2024-03-04 10:32:53,001 [INFO] org.springframework.boot.devtools.autoconfigure.ConditionEvaluationDeltaLoggingListener [restartedMain] Condition evaluation unchanged
2024-03-04 10:33:01,526 [INFO] org.springframework.boot.devtools.autoconfigure.LocalDevToolsAutoConfiguration$RestartingClassPathChangeChangedEventListener [File Watcher] Restarting due to 1 class path change (0 additions, 0 deletions, 1 modification)
2024-03-04 10:33:01,546 [INFO] org.springframework.orm.jpa.LocalContainerEntityManagerFactoryBean [Thread-159] Closing JPA EntityManagerFactory for persistence unit 'default'
2024-03-04 10:33:01,546 [INFO] com.zaxxer.hikari.HikariDataSource [Thread-159] HikariPool-40 - Shutdown initiated...
2024-03-04 10:33:01,567 [INFO] com.zaxxer.hikari.HikariDataSource [Thread-159] HikariPool-40 - Shutdown completed.
2024-03-04 10:33:01,654 [INFO] 2024-03-04 10:33:01,654 [DEBUG] 2024-03-04 10:33:01,654 [INFO] 2024-03-04 10:33:01,744 [INFO] 2024-03-04 10:33:01,744 [INFO] 2024-03-04 10:33:01,784 [INFO] 2024-03-04 10:33:01,784 [INFO] 2024-03-04 10:33:01,784 [INFO] 2024-03-04 10:33:01,815 [INFO] 2024-03-04 10:33:01,817 [INFO] 2024-03-04 10:33:01,822 [INFO] 2024-03-04 10:33:01,831 [INFO] 2024-03-04 10:33:01,831 [INFO] 2024-03-04 10:33:01,831 [INFO] 2024-03-04 10:33:01,836 [INFO] 2024-03-04 10:33:01,836 [INFO] 2024-03-04 10:33:01,853 [INFO] 2024-03-04 10:33:01,863 [INFO] 2024-03-04 10:33:01,903 [WARN] 2024-03-04 10:33:01,936 [INFO] 2024-03-04 10:33:01,944 [INFO] 2024-03-04 10:33:01,944 [INFO] 2024-03-04 10:33:01,944 [INFO] 2024-03-04 10:33:05,420 [INFO] 2024-03-04 10:33:05,434 [INFO] 2024-03-04 10:33:05,437 [INFO] 2024-03-04 10:33:05,448 [INFO] 2024-03-04 10:33:05,533 [INFO] 2024-03-04 10:33:05,535 [DEBUG] 2024-03-04 10:33:05,535 [INFO] 2024-03-04 10:33:05,601 [INFO] 2024-03-04 10:33:05,601 [INFO] 2024-03-04 10:33:05,632 [INFO] 2024-03-04 10:33:05,633 [INFO] 2024-03-04 10:33:05,633 [INFO] 2024-03-04 10:33:05,638 [INFO] 2024-03-04 10:33:05,638 [INFO] 2024-03-04 10:33:05,658 [INFO] 2024-03-04 10:33:05,658 [INFO] 2024-03-04 10:33:05,673 [INFO] 2024-03-04 10:33:05,675 [INFO] 2024-03-04 10:33:05,683 [INFO] 2024-03-04 10:33:05,683 [INFO] 2024-03-04 10:33:05,693 [INFO] 2024-03-04 10:33:05,701 [INFO] 2024-03-04 10:33:05,753 [WARN] 2024-03-04 10:33:05,791 [INFO] 2024-03-04 10:33:05,798 [INFO] 2024-03-04 10:33:05,801 [INFO] 2024-03-04 10:33:05,801 [INFO] 2024-03-04 10:33:21,407 [INFO] 2024-03-04 10:33:21,407 [INFO] 2024-03-04 10:33:21,407 [INFO] 2024-03-04 10:33:21,407 [INFO] 2024-03-04 10:33:21,407 [ERROR] 2024-03-04 10:33:21,407 [DEBUG] 2024-03-04 10:33:21,576 [INFO] 2024-03-04 10:33:21,576 [ERROR] 2024-03-04 10:33:21,576 [DEBUG] 2024-03-04 10:33:56,962 [INFO] 2024-03-04 10:33:56,980 [INFO] 2024-03-04 10:33:56,980 [INFO] 2024-03-04 10:33:56,989 [INFO] 2024-03-04 10:33:59,910 [INFO] com.example.practise.PractiseApplication [restartedMain] Starting PractiseApplication using Java 17.0.10 with PID 21224 (C:\Users\malar\Desktop\practise\target\classes started by malar in C:\Users\malar\Desktop\practise)
2024-03-04 10:33:59,910 [DEBUG] com.example.practise.PractiseApplication [restartedMain] Running with Spring Boot v3.2.3, Spring v6.1.4
2024-03-04 10:33:59,910 [INFO] com.example.practise.PractiseApplication [restartedMain] No active profile set, falling back to 1 default profile: "default"
2024-03-04 10:33:59,978 [INFO] org.springframework.data.repository.config.RepositoryConfigurationDelegate [restartedMain] Bootstrapping Spring Data JPA repositories in DEFAULT mode.
2024-03-04 10:33:59,986 [INFO] org.springframework.data.repository.config.RepositoryConfigurationDelegate [restartedMain] Finished Spring Data repository scanning in 3 ms. Found 1 JPA repository interface.
2024-03-04 10:34:00,022 [INFO] org.springframework.boot.web.embedded.tomcat.TomcatWebServer [restartedMain] Tomcat initialized with port 8080 (http)
2024-03-04 10:34:00,022 [INFO] org.apache.catalina.core.StandardService [restartedMain] Starting service [Tomcat]
2024-03-04 10:34:00,022 [INFO] org.apache.catalina.core.StandardEngine [restartedMain] Starting Servlet engine: [Apache Tomcat/10.1.19]
2024-03-04 10:34:00,052 [INFO] org.apache.catalina.core.ContainerBase.[Tomcat].[localhost].[/] [restartedMain] Initializing Spring embedded WebApplicationContext
2024-03-04 10:34:00,052 [INFO] org.springframework.boot.web.servlet.context.ServletWebServerApplicationContext [restartedMain] Root WebApplicationContext: initialization completed in 142 ms
2024-03-04 10:34:00,069 [INFO] org.hibernate.jpa.internal.util.LogHelper [restartedMain] HHH000204: Processing PersistenceUnitInfo [name: default]
2024-03-04 10:34:00,069 [INFO] org.hibernate.cache.internal.RegionFactoryInitiator [restartedMain] HHH000026: Second-level cache disabled
2024-03-04 10:34:00,069 [INFO] org.springframework.orm.jpa.persistenceunit.SpringPersistenceUnitInfo [restartedMain] No LoadTimeWeaver setup: ignoring JPA class transformer
2024-03-04 10:34:00,069 [INFO] com.zaxxer.hikari.HikariDataSource [restartedMain] HikariPool-44 - Starting...
2024-03-04 10:34:00,086 [INFO] com.zaxxer.hikari.pool.HikariPool [restartedMain] HikariPool-44 - Added connection com.mysql.cj.jdbc.ConnectionImpl@1932d267
2024-03-04 10:34:00,086 [INFO] com.zaxxer.hikari.HikariDataSource [restartedMain] HikariPool-44 - Start completed.
2024-03-04 10:34:00,103 [INFO] org.hibernate.engine.transaction.jta.platform.internal.JtaPlatformInitiator [restartedMain] HHH000489: No JTA platform available (set 'hibernate.transaction.jta.platform' to enable JTA platform integration)
2024-03-04 10:34:00,103 [INFO] org.springframework.orm.jpa.LocalContainerEntityManagerFactoryBean [restartedMain] Initialized JPA EntityManagerFactory for persistence unit 'default'
2024-03-04 10:34:00,145 [WARN] org.springframework.boot.autoconfigure.orm.jpa.JpaBaseConfiguration$JpaWebConfiguration [restartedMain] spring.jpa.open-in-view is enabled by default. Therefore, database queries may be performed during view rendering. Explicitly configure spring.jpa.open-in-view to disable this warning
2024-03-04 10:34:00,184 [INFO] org.springframework.boot.devtools.autoconfigure.OptionalLiveReloadServer [restartedMain] LiveReload server is running on port 35729
2024-03-04 10:34:00,187 [INFO] org.springframework.boot.web.embedded.tomcat.TomcatWebServer [restartedMain] Tomcat started on port 8080 (http) with context path ''
2024-03-04 10:34:00,192 [INFO] com.example.practise.PractiseApplication [restartedMain] Started PractiseApplication in 0.292 seconds (process running for 1500.642)
2024-03-04 10:34:00,192 [INFO] org.springframework.boot.devtools.autoconfigure.ConditionEvaluationDeltaLoggingListener [restartedMain] Condition evaluation unchanged
2024-03-04 10:34:04,071 [INFO] org.apache.catalina.core.ContainerBase.[Tomcat].[localhost].[/] [http-nio-8080-exec-1] Initializing Spring DispatcherServlet 'dispatcherServlet'
2024-03-04 10:34:04,071 [INFO] org.springframework.web.servlet.DispatcherServlet [http-nio-8080-exec-1] Initializing Servlet 'dispatcherServlet'
2024-03-04 10:34:04,073 [INFO] org.springframework.web.servlet.DispatcherServlet [http-nio-8080-exec-1] Completed initialization in 2 ms
2024-03-04 10:34:04,073 [INFO] com.example.practise.Logcontroller [http-nio-8080-exec-1] Info enabled
2024-03-04 10:34:04,073 [ERROR] com.example.practise.Logcontroller [http-nio-8080-exec-1] Error enabled
2024-03-04 10:34:04,073 [DEBUG] com.example.practise.Logcontroller [http-nio-8080-exec-1] Debug enabled
2024-03-04 10:34:04,325 [INFO] com.example.practise.Logcontroller [http-nio-8080-exec-2] Info enabled
2024-03-04 10:34:04,325 [ERROR] com.example.practise.Logcontroller [http-nio-8080-exec-2] Error enabled
2024-03-04 10:34:04,325 [DEBUG] com.example.practise.Logcontroller [http-nio-8080-exec-2] Debug enabled
2024-03-04 10:41:54,138 [WARN] com.zaxxer.hikari.pool.HikariPool [HikariPool-44 housekeeper] HikariPool-44 - Thread starvation or clock leap detected (housekeeper delta=1m23s811ms381µs400ns).
2024-03-04 11:10:44,656 [WARN] com.zaxxer.hikari.pool.HikariPool [HikariPool-44 housekeeper] HikariPool-44 - Thread starvation or clock leap detected (housekeeper delta=17m45s295ms390µs400ns).
2024-03-04 11:15:22,886 [INFO] org.springframework.boot.devtools.autoconfigure.LocalDevToolsAutoConfiguration$RestartingClassPathChangeChangedEventListener [File Watcher] Restarting due to 1 class path change (1 addition, 0 deletions, 0 modifications)
2024-03-04 11:15:22,916 [INFO] org.springframework.orm.jpa.LocalContainerEntityManagerFactoryBean [Thread-175] Closing JPA EntityManagerFactory for persistence unit 'default'
2024-03-04 11:15:22,919 [INFO] com.zaxxer.hikari.HikariDataSource [Thread-175] HikariPool-44 - Shutdown initiated...
2024-03-04 11:15:22,924 [INFO] com.zaxxer.hikari.HikariDataSource [Thread-175] HikariPool-44 - Shutdown completed.
2024-03-04 11:15:23,028 [INFO] com.example.practise.PractiseApplication [restartedMain] Starting PractiseApplication using Java 17.0.10 with PID 21224 (C:\Users\malar\Desktop\practise\target\classes started by malar in C:\Users\malar\Desktop\practise)
2024-03-04 11:15:23,029 [DEBUG] com.example.practise.PractiseApplication [restartedMain] Running with Spring Boot v3.2.3, Spring v6.1.4
2024-03-04 11:15:23,029 [INFO] com.example.practise.PractiseApplication [restartedMain] No active profile set, falling back to 1 default profile: "default"
2024-03-04 11:15:23,105 [INFO] org.springframework.data.repository.config.RepositoryConfigurationDelegate [restartedMain] Bootstrapping Spring Data JPA repositories in DEFAULT mode.
2024-03-04 11:15:23,110 [INFO] org.springframework.data.repository.config.RepositoryConfigurationDelegate [restartedMain] Finished Spring Data repository scanning in 4 ms. Found 1 JPA repository interface.
2024-03-04 11:15:23,235 [INFO] org.springframework.boot.web.embedded.tomcat.TomcatWebServer [restartedMain] Tomcat initialized with port 8080 (http)
2024-03-04 11:15:23,236 [INFO] org.apache.catalina.core.StandardService [restartedMain] Starting service [Tomcat]
2024-03-04 11:15:23,237 [INFO] org.apache.catalina.core.StandardEngine [restartedMain] Starting Servlet engine: [Apache Tomcat/10.1.19]
2024-03-04 11:15:23,259 [INFO] org.apache.catalina.core.ContainerBase.[Tomcat].[localhost].[/] [restartedMain] Initializing Spring embedded WebApplicationContext
2024-03-04 11:15:23,259 [INFO] org.springframework.boot.web.servlet.context.ServletWebServerApplicationContext [restartedMain] Root WebApplicationContext: initialization completed in 229 ms
2024-03-04 11:15:23,272 [INFO] org.hibernate.jpa.internal.util.LogHelper [restartedMain] HHH000204: Processing PersistenceUnitInfo [name: default]
2024-03-04 11:15:23,274 [INFO] org.hibernate.cache.internal.RegionFactoryInitiator [restartedMain] HHH000026: Second-level cache disabled
2024-03-04 11:15:23,276 [INFO] org.springframework.orm.jpa.persistenceunit.SpringPersistenceUnitInfo [restartedMain] No LoadTimeWeaver setup: ignoring JPA class transformer
2024-03-04 11:15:23,277 [INFO] com.zaxxer.hikari.HikariDataSource [restartedMain] HikariPool-45 - Starting...
2024-03-04 11:15:23,286 [INFO] com.zaxxer.hikari.pool.HikariPool [restartedMain] HikariPool-45 - Added connection com.mysql.cj.jdbc.ConnectionImpl@c36f980
2024-03-04 11:15:23,287 [INFO] com.zaxxer.hikari.HikariDataSource [restartedMain] HikariPool-45 - Start completed.
2024-03-04 11:15:23,303 [INFO] org.hibernate.engine.transaction.jta.platform.internal.JtaPlatformInitiator [restartedMain] HHH000489: No JTA platform available (set 'hibernate.transaction.jta.platform' to enable JTA platform integration)
2024-03-04 11:15:23,310 [INFO] org.springframework.orm.jpa.LocalContainerEntityManagerFactoryBean [restartedMain] Initialized JPA EntityManagerFactory for persistence unit 'default'
2024-03-04 11:15:23,344 [WARN] org.springframework.boot.autoconfigure.orm.jpa.JpaBaseConfiguration$JpaWebConfiguration [restartedMain] spring.jpa.open-in-view is enabled by default. Therefore, database queries may be performed during view rendering. Explicitly configure spring.jpa.open-in-view to disable this warning
2024-03-04 11:15:23,375 [INFO] org.springframework.boot.devtools.autoconfigure.OptionalLiveReloadServer [restartedMain] LiveReload server is running on port 35729
2024-03-04 11:15:23,380 [INFO] org.springframework.boot.web.embedded.tomcat.TomcatWebServer [restartedMain] Tomcat started on port 8080 (http) with context path ''
2024-03-04 11:15:23,383 [INFO] com.example.practise.PractiseApplication [restartedMain] Started PractiseApplication in 0.367 seconds (process running for 3983.83)
2024-03-04 11:15:23,384 [INFO] org.springframework.boot.devtools.autoconfigure.ConditionEvaluationDeltaLoggingListener [restartedMain] Condition evaluation unchanged
2024-03-04 11:20:09,397 [INFO] org.springframework.boot.devtools.autoconfigure.LocalDevToolsAutoConfiguration$RestartingClassPathChangeChangedEventListener [File Watcher] Restarting due to 1 class path change (0 additions, 0 deletions, 1 modification)
2024-03-04 11:20:09,425 [INFO] org.springframework.orm.jpa.LocalContainerEntityManagerFactoryBean [Thread-179] Closing JPA EntityManagerFactory for persistence unit 'default'
2024-03-04 11:20:09,425 [INFO] com.zaxxer.hikari.HikariDataSource [Thread-179] HikariPool-45 - Shutdown initiated...
2024-03-04 11:20:09,432 [INFO] com.zaxxer.hikari.HikariDataSource [Thread-179] HikariPool-45 - Shutdown completed.
2024-03-04 11:20:09,542 [INFO] com.example.practise.PractiseApplication [restartedMain] Starting PractiseApplication using Java 17.0.10 with PID 21224 (C:\Users\malar\Desktop\practise\target\classes started by malar in C:\Users\malar\Desktop\practise)
2024-03-04 11:20:09,542 [DEBUG] com.example.practise.PractiseApplication [restartedMain] Running with Spring Boot v3.2.3, Spring v6.1.4
2024-03-04 11:20:09,543 [INFO] com.example.practise.PractiseApplication [restartedMain] No active profile set, falling back to 1 default profile: "default"
2024-03-04 11:20:09,657 [INFO] org.springframework.data.repository.config.RepositoryConfigurationDelegate [restartedMain] Bootstrapping Spring Data JPA repositories in DEFAULT mode.
2024-03-04 11:20:09,662 [INFO] org.springframework.data.repository.config.RepositoryConfigurationDelegate [restartedMain] Finished Spring Data repository scanning in 4 ms. Found 1 JPA repository interface.
2024-03-04 11:20:09,704 [INFO] org.springframework.boot.web.embedded.tomcat.TomcatWebServer [restartedMain] Tomcat initialized with port 8080 (http)
2024-03-04 11:20:09,705 [INFO] org.apache.catalina.core.StandardService [restartedMain] Starting service [Tomcat]
2024-03-04 11:20:09,705 [INFO] org.apache.catalina.core.StandardEngine [restartedMain] Starting Servlet engine: [Apache Tomcat/10.1.19]
2024-03-04 11:20:09,738 [INFO] org.apache.catalina.core.ContainerBase.[Tomcat].[localhost].[/] [restartedMain] Initializing Spring embedded WebApplicationContext
2024-03-04 11:20:09,739 [INFO] org.springframework.boot.web.servlet.context.ServletWebServerApplicationContext [restartedMain] Root WebApplicationContext: initialization completed in 194 ms
2024-03-04 11:20:09,754 [INFO] org.hibernate.jpa.internal.util.LogHelper [restartedMain] HHH000204: Processing PersistenceUnitInfo [name: default]
2024-03-04 11:20:09,756 [INFO] org.hibernate.cache.internal.RegionFactoryInitiator [restartedMain] HHH000026: Second-level cache disabled
2024-03-04 11:20:09,759 [INFO] org.springframework.orm.jpa.persistenceunit.SpringPersistenceUnitInfo [restartedMain] No LoadTimeWeaver setup: ignoring JPA class transformer
2024-03-04 11:20:09,760 [INFO] com.zaxxer.hikari.HikariDataSource [restartedMain] HikariPool-46 - Starting...
2024-03-04 11:20:09,770 [INFO] com.zaxxer.hikari.pool.HikariPool [restartedMain] HikariPool-46 - Added connection com.mysql.cj.jdbc.ConnectionImpl@595754fe
2024-03-04 11:20:09,771 [INFO] com.zaxxer.hikari.HikariDataSource [restartedMain] HikariPool-46 - Start completed.
2024-03-04 11:20:09,785 [INFO] org.hibernate.engine.transaction.jta.platform.internal.JtaPlatformInitiator [restartedMain] HHH000489: No JTA platform available (set 'hibernate.transaction.jta.platform' to enable JTA platform integration)
2024-03-04 11:20:09,791 [INFO] org.springframework.orm.jpa.LocalContainerEntityManagerFactoryBean [restartedMain] Initialized JPA EntityManagerFactory for persistence unit 'default'
2024-03-04 11:20:09,830 [WARN] org.springframework.boot.autoconfigure.orm.jpa.JpaBaseConfiguration$JpaWebConfiguration [restartedMain] spring.jpa.open-in-view is enabled by default. Therefore, database queries may be performed during view rendering. Explicitly configure spring.jpa.open-in-view to disable this warning
2024-03-04 11:20:09,865 [INFO] org.springframework.boot.devtools.autoconfigure.OptionalLiveReloadServer [restartedMain] LiveReload server is running on port 35729
2024-03-04 11:20:09,869 [INFO] org.springframework.boot.web.embedded.tomcat.TomcatWebServer [restartedMain] Tomcat started on port 8080 (http) with context path ''
2024-03-04 11:20:09,872 [INFO] com.example.practise.PractiseApplication [restartedMain] Started PractiseApplication in 0.354 seconds (process running for 4270.32)
2024-03-04 11:20:09,874 [INFO] org.springframework.boot.devtools.autoconfigure.ConditionEvaluationDeltaLoggingListener [restartedMain] Condition evaluation unchanged
2024-03-04 11:20:17,507 [INFO] org.springframework.boot.devtools.autoconfigure.LocalDevToolsAutoConfiguration$RestartingClassPathChangeChangedEventListener [File Watcher] Restarting due to 1 class path change (0 additions, 0 deletions, 1 modification)
2024-03-04 11:20:17,525 [INFO] org.springframework.orm.jpa.LocalContainerEntityManagerFactoryBean [Thread-183] Closing JPA EntityManagerFactory for persistence unit 'default'
2024-03-04 11:20:17,526 [INFO] com.zaxxer.hikari.HikariDataSource [Thread-183] HikariPool-46 - Shutdown initiated...
2024-03-04 11:20:17,567 [INFO] com.zaxxer.hikari.HikariDataSource [Thread-183] HikariPool-46 - Shutdown completed.
